#
# A fatal error has been detected by the Java Runtime Environment:
#
#  SIGSEGV (0xb) at pc=0x00007f5653bf4401, pid=50027, tid=54048
#
# JRE version: OpenJDK Runtime Environment (11.0.7+10) (build 11.0.7+10-post-Ubuntu-2ubuntu218.04)
# Java VM: OpenJDK 64-Bit Server VM (11.0.7+10-post-Ubuntu-2ubuntu218.04, mixed mode, tiered, compressed oops, g1 gc, linux-amd64)
# Problematic frame:
# C  [libjimage.so+0x2401]
#
# Core dump will be written. Default location: core.50027 (may not exist)
#
# If you would like to submit a bug report, please visit:
#   https://bugs.launchpad.net/ubuntu/+source/openjdk-lts
#

---------------  S U M M A R Y ------------

Command Line: -ea -agentlib:jdwp=transport=dt_socket,address=127.0.0.1:39533 -Dfile.encoding=UTF-8 bluej.runtime.ExecServer UTF-8

Host: Intel(R) Core(TM) i5-4210U CPU @ 1.70GHz, 4 cores, 3G, Ubuntu 20.04 LTS
Time: Thu May 28 15:53:26 2020 IST elapsed time: 4811 seconds (0d 1h 20m 11s)

---------------  T H R E A D  ---------------

Current thread (0x00007f55c4002800):  JavaThread "XToolkt-Shutdown-Thread" [_thread_in_vm, id=54048, stack(0x00007f562daf7000,0x00007f562dbf8000)]

Stack: [0x00007f562daf7000,0x00007f562dbf8000],  sp=0x00007f562dbf5060,  free space=1016k
Native frames: (J=compiled Java code, A=aot compiled Java code, j=interpreted, Vv=VM code, C=native code)
C  [libjimage.so+0x2401]
C  [libjimage.so+0x30ea]
C  [libjimage.so+0x35c6]  JIMAGE_FindResource+0xd6
V  [libjvm.so+0x59105e]
V  [libjvm.so+0x593dc0]
V  [libjvm.so+0xd503b5]
V  [libjvm.so+0xd4dd4a]
V  [libjvm.so+0xd50942]
V  [libjvm.so+0x646dd7]
V  [libjvm.so+0xa3bb7a]
V  [libjvm.so+0x843946]
V  [libjvm.so+0x84483d]
j  sun.awt.X11.XToolkit.lambda$init$0()V+0 java.desktop@11.0.7
j  sun.awt.X11.XToolkit$$Lambda$9.run()V+4 java.desktop@11.0.7
j  java.lang.Thread.run()V+11 java.base@11.0.7
v  ~StubRoutines::call_stub
V  [libjvm.so+0x84e319]
V  [libjvm.so+0x84c45d]
V  [libjvm.so+0x8f62ec]
V  [libjvm.so+0xd8918f]
V  [libjvm.so+0xd85acf]
V  [libjvm.so+0xbd59de]

Java frames: (J=compiled Java code, j=interpreted, Vv=VM code)
j  sun.awt.X11.XToolkit.lambda$init$0()V+0 java.desktop@11.0.7
j  sun.awt.X11.XToolkit$$Lambda$9.run()V+4 java.desktop@11.0.7
j  java.lang.Thread.run()V+11 java.base@11.0.7
v  ~StubRoutines::call_stub

siginfo: si_signo: 11 (SIGSEGV), si_code: 1 (SEGV_MAPERR), si_addr: 0x00007f564b511cf8

Register to memory mapping:

RAX=0x0000000000004b37 is an unknown value
RBX=0x00007f562dbf5111 is pointing into the stack for thread: 0x00007f55c4002800
RCX=0x00007f564b4ff01c is an unknown value
RDX=0x0000000000004b37 is an unknown value
RSP=0x00007f562dbf5060 is pointing into the stack for thread: 0x00007f55c4002800
RBP=0x00007f562dbf5080 is pointing into the stack for thread: 0x00007f55c4002800
RSI=0x00007f562dbf5110 is pointing into the stack for thread: 0x00007f55c4002800
RDI=0x00007f5653df7130: <offset 0x0000000000205130> in /snap/bluej/17/usr/lib/jvm/java-11-openjdk-amd64/lib/libjimage.so at 0x00007f5653bf2000
R8 =0x0 is NULL
R9 =
[error occurred during error reporting (printing register info), id 0xb, SIGSEGV (0xb) at pc=0x00007f565a17a390]

Registers:
RAX=0x0000000000004b37, RBX=0x00007f562dbf5111, RCX=0x00007f564b4ff01c, RDX=0x0000000000004b37
RSP=0x00007f562dbf5060, RBP=0x00007f562dbf5080, RSI=0x00007f562dbf5110, RDI=0x00007f5653df7130
R8 =0x0000000000000000, R9 =0x00000000ca0d71f0, R10=0x00007f562dbf5134, R11=0x00007f565a9033fd
R12=0x00007f562dbf5110, R13=0x00000000000083ac, R14=0x00007f562dbf61a8, R15=0x00007f5610019900
RIP=0x00007f5653bf4401, EFLAGS=0x0000000000010246, CSGSFS=0x002b000000000033, ERR=0x0000000000000004
  TRAPNO=0x000000000000000e

Top of Stack: (sp=0x00007f562dbf5060)
0x00007f562dbf5060:   0000000000000000 00007f5654024930
0x00007f562dbf5070:   0000000000000000 00007f562dbf5110
0x00007f562dbf5080:   00007f562dbf50f0 00007f5653bf50ea
0x00007f562dbf5090:   0000000000000000 0000000000000000 

Instructions: (pc=0x00007f5653bf4401)
0x00007f5653bf4301:   c5 4c 01 e3 48 89 ce e8 d3 f3 ff ff e9 69 fd ff
0x00007f5653bf4311:   ff 89 d1 0f b7 74 08 fe 66 41 89 74 0e fe e9 7a
0x00007f5653bf4321:   fe ff ff 0f 1f 40 00 8b 08 49 8d 1c 16 41 89 0e
0x00007f5653bf4331:   89 d1 8b 74 08 fc 41 89 74 0e fc 48 8d 34 10 48
0x00007f5653bf4341:   89 75 b8 e9 0b fe ff ff 0f 1f 80 00 00 00 00 0f
0x00007f5653bf4351:   b6 17 55 89 f0 48 89 e5 84 d2 74 22 48 8d 4f 01
0x00007f5653bf4361:   0f 1f 80 00 00 00 00 48 83 c1 01 0f b6 f2 0f b6
0x00007f5653bf4371:   51 ff 69 c0 93 01 00 01 31 f0 84 d2 75 e9 25 ff
0x00007f5653bf4381:   ff ff 7f 5d c3 66 2e 0f 1f 84 00 00 00 00 00 48
0x00007f5653bf4391:   85 d2 0f 84 dd 00 00 00 85 c9 0f 84 d5 00 00 00
0x00007f5653bf43a1:   55 48 89 e5 41 55 41 54 53 48 8d 5e 01 48 83 ec
0x00007f5653bf43b1:   08 44 0f b6 06 45 84 c0 0f 84 a9 00 00 00 49 89
0x00007f5653bf43c1:   da b8 93 01 00 01 66 0f 1f 84 00 00 00 00 00 49
0x00007f5653bf43d1:   83 c2 01 44 69 c8 93 01 00 01 41 0f b6 c0 45 0f
0x00007f5653bf43e1:   b6 42 ff 44 31 c8 45 84 c0 75 e4 25 ff ff ff 7f
0x00007f5653bf43f1:   41 89 cd 48 89 d1 31 d2 41 f7 f5 49 89 f4 89 d0
0x00007f5653bf4401:   8b 34 81 48 8b 07 ff 50 20 83 f8 00 7e 41 41 0f
0x00007f5653bf4411:   b6 14 24 84 d2 74 1c 0f 1f 84 00 00 00 00 00 69
0x00007f5653bf4421:   c0 93 01 00 01 48 83 c3 01 31 d0 0f b6 53 ff 84
0x00007f5653bf4431:   d2 75 ec 25 ff ff ff 7f 31 d2 41 f7 f5 48 83 c4
0x00007f5653bf4441:   08 89 d0 5b 41 5c 41 5d 5d c3 0f 1f 44 00 00 74
0x00007f5653bf4451:   1d f7 d0 48 83 c4 08 89 c2 5b 89 d0 41 5c 41 5d
0x00007f5653bf4461:   5d c3 0f 1f 44 00 00 b8 93 01 00 01 eb 82 ba ff
0x00007f5653bf4471:   ff ff ff eb c8 83 ca ff 89 d0 c3 0f 1f 40 00 0f
0x00007f5653bf4481:   b6 17 55 48 89 f8 48 89 e5 84 d2 75 15 eb 1a 38
0x00007f5653bf4491:   ca 75 1c 48 83 c0 01 0f b6 10 48 83 c6 01 84 d2
0x00007f5653bf44a1:   74 07 0f b6 0e 84 c9 75 e6 5d c3 0f 1f 40 00 31
0x00007f5653bf44b1:   c0 5d c3 66 90 66 2e 0f 1f 84 00 00 00 00 00 55
0x00007f5653bf44c1:   48 85 f6 48 89 e5 74 57 0f 1f 80 00 00 00 00 0f
0x00007f5653bf44d1:   b6 06 84 c0 74 49 0f b6 d0 83 e0 07 c1 fa 03 44
0x00007f5653bf44e1:   8d 50 01 0f b6 c0 41 89 d1 48 8d 56 01 4c 8d 44
0x00007f5653bf44f1:   06 02 31 c0 0f 1f 00 0f b6 0a 48 c1 e0 08 48 83 


Stack slot to memory mapping:
stack at sp + 0 slots: 0x0 is NULL
stack at sp + 1 slots: 0x00007f5654024930 points into unknown readable memory: 00 44 00 cc 55 7f 00 00
stack at sp + 2 slots: 0x0 is NULL
stack at sp + 3 slots: 0x00007f562dbf5110 is pointing into the stack for thread: 0x00007f55c4002800
stack at sp + 4 slots: 0x00007f562dbf50f0 is pointing into the stack for thread: 0x00007f55c4002800
stack at sp + 5 slots: 0x00007f5653bf50ea: <offset 0x00000000000030ea> in /snap/bluej/17/usr/lib/jvm/java-11-openjdk-amd64/lib/libjimage.so at 0x00007f5653bf2000
stack at sp + 6 slots: 0x0 is NULL
stack at sp + 7 slots: 0x0 is NULL


---------------  P R O C E S S  ---------------

Threads class SMR info:
_java_thread_list=0x00007f55f4002ee0, length=15, elements={
0x00007f56540f9800, 0x00007f56540fd800, 0x00007f5654114800, 0x00007f5654117000,
0x00007f5654119000, 0x00007f565411b000, 0x00007f56541af000, 0x00007f56541b1000,
0x00007f56541c6800, 0x00007f56543a6800, 0x00007f56543a8000, 0x00007f56543af800,
0x00007f5654017800, 0x00007f55d05dd000, 0x00007f55c4002800
}

Java Threads: ( => current thread )
  0x00007f56540f9800 JavaThread "Reference Handler" daemon [_thread_blocked, id=50036, stack(0x00007f5634727000,0x00007f5634828000)]
  0x00007f56540fd800 JavaThread "Finalizer" daemon [_thread_blocked, id=50037, stack(0x00007f5634626000,0x00007f5634727000)]
  0x00007f5654114800 JavaThread "Signal Dispatcher" daemon [_thread_blocked, id=50038, stack(0x00007f56343f5000,0x00007f56344f6000)]
  0x00007f5654117000 JavaThread "C2 CompilerThread0" daemon [_thread_blocked, id=50039, stack(0x00007f56342f4000,0x00007f56343f5000)]
  0x00007f5654119000 JavaThread "C1 CompilerThread0" daemon [_thread_blocked, id=50040, stack(0x00007f56341f3000,0x00007f56342f4000)]
  0x00007f565411b000 JavaThread "Sweeper thread" daemon [_thread_blocked, id=50041, stack(0x00007f56340f2000,0x00007f56341f3000)]
  0x00007f56541af000 JavaThread "JDWP Event Helper Thread" daemon [_thread_blocked, id=50043, stack(0x00007f562dbf8000,0x00007f562dcf9000)]
  0x00007f56541b1000 JavaThread "Service Thread" daemon [_thread_blocked, id=50053, stack(0x00007f562d9f6000,0x00007f562daf7000)]
  0x00007f56541c6800 JavaThread "Common-Cleaner" daemon [_thread_blocked, id=50108, stack(0x00007f562d7f3000,0x00007f562d8f4000)]
  0x00007f56543a6800 JavaThread "Java2D Disposer" daemon [_thread_blocked, id=50228, stack(0x00007f562c005000,0x00007f562c106000)]
  0x00007f56543a8000 JavaThread "AWT-XAWT" daemon [_thread_in_native, id=50232, stack(0x00007f55e802b000,0x00007f55e812c000)]
  0x00007f56543af800 JavaThread "BlueJ worker thread" [_thread_blocked, id=50235, stack(0x00007f55db1f7000,0x00007f55db2f8000)]
  0x00007f5654017800 JavaThread "DestroyJavaVM" [_thread_blocked, id=50028, stack(0x00007f565bdca000,0x00007f565becb000)]
  0x00007f55d05dd000 JavaThread "main" [_thread_blocked, id=53237, stack(0x00007f55db2f8000,0x00007f55db3f9000)]
=>0x00007f55c4002800 JavaThread "XToolkt-Shutdown-Thread" [_thread_in_vm, id=54048, stack(0x00007f562daf7000,0x00007f562dbf8000)]

Other Threads:
  0x00007f56540f1000 VMThread "VM Thread" [stack: 0x00007f563482a000,0x00007f563492a000] [id=50035]
  0x00007f56541b3800 WatcherThread [stack: 0x00007f562d8f6000,0x00007f562d9f6000] [id=50054]
  0x00007f5654030000 GCTaskThread "GC Thread#0" [stack: 0x00007f563c229000,0x00007f563c329000] [id=50030]
  0x00007f5620011000 GCTaskThread "GC Thread#1" [stack: 0x00007f55dabc7000,0x00007f55dacc7000] [id=50325]
  0x00007f5620012800 GCTaskThread "GC Thread#2" [stack: 0x00007f55daac5000,0x00007f55dabc5000] [id=50326]
  0x00007f5620014000 GCTaskThread "GC Thread#3" [stack: 0x00007f55da9c3000,0x00007f55daac3000] [id=50327]
  0x00007f565404b000 ConcurrentGCThread "G1 Main Marker" [stack: 0x00007f5635912000,0x00007f5635a12000] [id=50031]
  0x00007f565404c800 ConcurrentGCThread "G1 Conc#0" [stack: 0x00007f5635810000,0x00007f5635910000] [id=50032]
  0x00007f5654090000 ConcurrentGCThread "G1 Refine#0" [stack: 0x00007f563530a000,0x00007f563540a000] [id=50033]
  0x00007f5624001000 ConcurrentGCThread "G1 Refine#1" [stack: 0x00007f55da8c1000,0x00007f55da9c1000] [id=50328]
  0x00007f5654092000 ConcurrentGCThread "G1 Young RemSet Sampling" [stack: 0x00007f5635208000,0x00007f5635308000] [id=50034]

Threads with active compile tasks:

VM state:synchronizing (normal execution)

VM Mutex/Monitor currently owned by a thread:  ([mutex/lock_event])
[0x00007f5654013120] Threads_lock - owner thread: 0x00007f56540f1000

Heap address: 0x00000000c3800000, size: 968 MB, Compressed Oops mode: 32-bit
Narrow klass base: 0x0000000000000000, Narrow klass shift: 3
Compressed class space size: 1073741824 Address: 0x0000000100000000

Heap:
 garbage-first heap   total 63488K, used 25494K [0x00000000c3800000, 0x0000000100000000)
  region size 1024K, 22 young (22528K), 2 survivors (2048K)
 Metaspace       used 17910K, capacity 18658K, committed 18816K, reserved 1067008K
  class space    used 1776K, capacity 1893K, committed 1920K, reserved 1048576K
Heap Regions: E=young(eden), S=young(survivor), O=old, HS=humongous(starts), HC=humongous(continues), CS=collection set, F=free, A=archive, TAMS=top-at-mark-start (previous, next)
|   0|0x00000000c3800000, 0x00000000c3900000, 0x00000000c3900000|100%| O|  |TAMS 0x00000000c3800000, 0x00000000c3800000| Untracked 
|   1|0x00000000c3900000, 0x00000000c3a00000, 0x00000000c3a00000|100%| O|  |TAMS 0x00000000c3900000, 0x00000000c3900000| Untracked 
|   2|0x00000000c3a00000, 0x00000000c3b00000, 0x00000000c3b00000|100%| O|  |TAMS 0x00000000c3a00000, 0x00000000c3a00000| Untracked 
|   3|0x00000000c3b00000, 0x00000000c3bf4200, 0x00000000c3c00000| 95%| O|  |TAMS 0x00000000c3b00000, 0x00000000c3b00000| Untracked 
|   4|0x00000000c3c00000, 0x00000000c3c00000, 0x00000000c3d00000|  0%| F|  |TAMS 0x00000000c3c00000, 0x00000000c3c00000| Untracked 
|   5|0x00000000c3d00000, 0x00000000c3d00000, 0x00000000c3e00000|  0%| F|  |TAMS 0x00000000c3d00000, 0x00000000c3d00000| Untracked 
|   6|0x00000000c3e00000, 0x00000000c3e00000, 0x00000000c3f00000|  0%| F|  |TAMS 0x00000000c3e00000, 0x00000000c3e00000| Untracked 
|   7|0x00000000c3f00000, 0x00000000c3f00000, 0x00000000c4000000|  0%| F|  |TAMS 0x00000000c3f00000, 0x00000000c3f00000| Untracked 
|   8|0x00000000c4000000, 0x00000000c4000000, 0x00000000c4100000|  0%| F|  |TAMS 0x00000000c4000000, 0x00000000c4000000| Untracked 
|   9|0x00000000c4100000, 0x00000000c4100000, 0x00000000c4200000|  0%| F|  |TAMS 0x00000000c4100000, 0x00000000c4100000| Untracked 
|  10|0x00000000c4200000, 0x00000000c4200000, 0x00000000c4300000|  0%| F|  |TAMS 0x00000000c4200000, 0x00000000c4200000| Untracked 
|  11|0x00000000c4300000, 0x00000000c4300000, 0x00000000c4400000|  0%| F|  |TAMS 0x00000000c4300000, 0x00000000c4300000| Untracked 
|  12|0x00000000c4400000, 0x00000000c4400000, 0x00000000c4500000|  0%| F|  |TAMS 0x00000000c4400000, 0x00000000c4400000| Untracked 
|  13|0x00000000c4500000, 0x00000000c4500000, 0x00000000c4600000|  0%| F|  |TAMS 0x00000000c4500000, 0x00000000c4500000| Untracked 
|  14|0x00000000c4600000, 0x00000000c4600000, 0x00000000c4700000|  0%| F|  |TAMS 0x00000000c4600000, 0x00000000c4600000| Untracked 
|  15|0x00000000c4700000, 0x00000000c4700000, 0x00000000c4800000|  0%| F|  |TAMS 0x00000000c4700000, 0x00000000c4700000| Untracked 
|  16|0x00000000c4800000, 0x00000000c4800000, 0x00000000c4900000|  0%| F|  |TAMS 0x00000000c4800000, 0x00000000c4800000| Untracked 
|  17|0x00000000c4900000, 0x00000000c4900000, 0x00000000c4a00000|  0%| F|  |TAMS 0x00000000c4900000, 0x00000000c4900000| Untracked 
|  18|0x00000000c4a00000, 0x00000000c4a00000, 0x00000000c4b00000|  0%| F|  |TAMS 0x00000000c4a00000, 0x00000000c4a00000| Untracked 
|  19|0x00000000c4b00000, 0x00000000c4b00000, 0x00000000c4c00000|  0%| F|  |TAMS 0x00000000c4b00000, 0x00000000c4b00000| Untracked 
|  20|0x00000000c4c00000, 0x00000000c4c00000, 0x00000000c4d00000|  0%| F|  |TAMS 0x00000000c4c00000, 0x00000000c4c00000| Untracked 
|  21|0x00000000c4d00000, 0x00000000c4d00000, 0x00000000c4e00000|  0%| F|  |TAMS 0x00000000c4d00000, 0x00000000c4d00000| Untracked 
|  22|0x00000000c4e00000, 0x00000000c4e00000, 0x00000000c4f00000|  0%| F|  |TAMS 0x00000000c4e00000, 0x00000000c4e00000| Untracked 
|  23|0x00000000c4f00000, 0x00000000c4f00000, 0x00000000c5000000|  0%| F|  |TAMS 0x00000000c4f00000, 0x00000000c4f00000| Untracked 
|  24|0x00000000c5000000, 0x00000000c5000000, 0x00000000c5100000|  0%| F|  |TAMS 0x00000000c5000000, 0x00000000c5000000| Untracked 
|  25|0x00000000c5100000, 0x00000000c5100000, 0x00000000c5200000|  0%| F|  |TAMS 0x00000000c5100000, 0x00000000c5100000| Untracked 
|  26|0x00000000c5200000, 0x00000000c5200000, 0x00000000c5300000|  0%| F|  |TAMS 0x00000000c5200000, 0x00000000c5200000| Untracked 
|  27|0x00000000c5300000, 0x00000000c5300000, 0x00000000c5400000|  0%| F|  |TAMS 0x00000000c5300000, 0x00000000c5300000| Untracked 
|  28|0x00000000c5400000, 0x00000000c5400000, 0x00000000c5500000|  0%| F|  |TAMS 0x00000000c5400000, 0x00000000c5400000| Untracked 
|  29|0x00000000c5500000, 0x00000000c5500000, 0x00000000c5600000|  0%| F|  |TAMS 0x00000000c5500000, 0x00000000c5500000| Untracked 
|  30|0x00000000c5600000, 0x00000000c56f1640, 0x00000000c5700000| 94%| S|CS|TAMS 0x00000000c5600000, 0x00000000c5600000| Complete 
|  31|0x00000000c5700000, 0x00000000c5800000, 0x00000000c5800000|100%| S|CS|TAMS 0x00000000c5700000, 0x00000000c5700000| Complete 
|  32|0x00000000c5800000, 0x00000000c5800000, 0x00000000c5900000|  0%| F|  |TAMS 0x00000000c5800000, 0x00000000c5800000| Untracked 
|  33|0x00000000c5900000, 0x00000000c5900000, 0x00000000c5a00000|  0%| F|  |TAMS 0x00000000c5900000, 0x00000000c5900000| Untracked 
|  34|0x00000000c5a00000, 0x00000000c5a00000, 0x00000000c5b00000|  0%| F|  |TAMS 0x00000000c5a00000, 0x00000000c5a00000| Untracked 
|  35|0x00000000c5b00000, 0x00000000c5b00000, 0x00000000c5c00000|  0%| F|  |TAMS 0x00000000c5b00000, 0x00000000c5b00000| Untracked 
|  36|0x00000000c5c00000, 0x00000000c5c00000, 0x00000000c5d00000|  0%| F|  |TAMS 0x00000000c5c00000, 0x00000000c5c00000| Untracked 
|  37|0x00000000c5d00000, 0x00000000c5d00000, 0x00000000c5e00000|  0%| F|  |TAMS 0x00000000c5d00000, 0x00000000c5d00000| Untracked 
|  38|0x00000000c5e00000, 0x00000000c5e00000, 0x00000000c5f00000|  0%| F|  |TAMS 0x00000000c5e00000, 0x00000000c5e00000| Untracked 
|  39|0x00000000c5f00000, 0x00000000c5f00000, 0x00000000c6000000|  0%| F|  |TAMS 0x00000000c5f00000, 0x00000000c5f00000| Untracked 
|  40|0x00000000c6000000, 0x00000000c6000000, 0x00000000c6100000|  0%| F|  |TAMS 0x00000000c6000000, 0x00000000c6000000| Untracked 
|  41|0x00000000c6100000, 0x00000000c6100000, 0x00000000c6200000|  0%| F|  |TAMS 0x00000000c6100000, 0x00000000c6100000| Untracked 
|  42|0x00000000c6200000, 0x00000000c62c0858, 0x00000000c6300000| 75%| E|  |TAMS 0x00000000c6200000, 0x00000000c6200000| Complete 
|  43|0x00000000c6300000, 0x00000000c6400000, 0x00000000c6400000|100%| E|CS|TAMS 0x00000000c6300000, 0x00000000c6300000| Complete 
|  44|0x00000000c6400000, 0x00000000c6500000, 0x00000000c6500000|100%| E|CS|TAMS 0x00000000c6400000, 0x00000000c6400000| Complete 
|  45|0x00000000c6500000, 0x00000000c6600000, 0x00000000c6600000|100%| E|CS|TAMS 0x00000000c6500000, 0x00000000c6500000| Complete 
|  46|0x00000000c6600000, 0x00000000c6700000, 0x00000000c6700000|100%| E|CS|TAMS 0x00000000c6600000, 0x00000000c6600000| Complete 
|  47|0x00000000c6700000, 0x00000000c6800000, 0x00000000c6800000|100%| E|CS|TAMS 0x00000000c6700000, 0x00000000c6700000| Complete 
|  48|0x00000000c6800000, 0x00000000c6900000, 0x00000000c6900000|100%| E|CS|TAMS 0x00000000c6800000, 0x00000000c6800000| Complete 
|  49|0x00000000c6900000, 0x00000000c6a00000, 0x00000000c6a00000|100%| E|CS|TAMS 0x00000000c6900000, 0x00000000c6900000| Complete 
|  50|0x00000000c6a00000, 0x00000000c6b00000, 0x00000000c6b00000|100%| E|CS|TAMS 0x00000000c6a00000, 0x00000000c6a00000| Complete 
|  51|0x00000000c6b00000, 0x00000000c6c00000, 0x00000000c6c00000|100%| E|CS|TAMS 0x00000000c6b00000, 0x00000000c6b00000| Complete 
|  52|0x00000000c6c00000, 0x00000000c6d00000, 0x00000000c6d00000|100%| E|CS|TAMS 0x00000000c6c00000, 0x00000000c6c00000| Complete 
|  53|0x00000000c6d00000, 0x00000000c6e00000, 0x00000000c6e00000|100%| E|CS|TAMS 0x00000000c6d00000, 0x00000000c6d00000| Complete 
|  54|0x00000000c6e00000, 0x00000000c6f00000, 0x00000000c6f00000|100%| E|CS|TAMS 0x00000000c6e00000, 0x00000000c6e00000| Complete 
|  55|0x00000000c6f00000, 0x00000000c7000000, 0x00000000c7000000|100%| E|CS|TAMS 0x00000000c6f00000, 0x00000000c6f00000| Complete 
|  56|0x00000000c7000000, 0x00000000c7100000, 0x00000000c7100000|100%| E|CS|TAMS 0x00000000c7000000, 0x00000000c7000000| Complete 
|  57|0x00000000c7100000, 0x00000000c7200000, 0x00000000c7200000|100%| E|CS|TAMS 0x00000000c7100000, 0x00000000c7100000| Complete 
|  58|0x00000000c7200000, 0x00000000c7300000, 0x00000000c7300000|100%| E|CS|TAMS 0x00000000c7200000, 0x00000000c7200000| Complete 
|  59|0x00000000c7300000, 0x00000000c7400000, 0x00000000c7400000|100%| E|CS|TAMS 0x00000000c7300000, 0x00000000c7300000| Complete 
|  60|0x00000000c7400000, 0x00000000c7500000, 0x00000000c7500000|100%| E|CS|TAMS 0x00000000c7400000, 0x00000000c7400000| Complete 
|  61|0x00000000c7500000, 0x00000000c7600000, 0x00000000c7600000|100%| E|CS|TAMS 0x00000000c7500000, 0x00000000c7500000| Complete 

Card table byte_map: [0x00007f5637a36000,0x00007f5637c1a000] _byte_map_base: 0x00007f563741a000

Marking Bits (Prev, Next): (CMBitMap*) 0x00007f5654046118, (CMBitMap*) 0x00007f5654046150
 Prev Bits: [0x00007f5636932000, 0x00007f5637852000)
 Next Bits: [0x00007f5635a12000, 0x00007f5636932000)

Polling page: 0x00007f565bee2000

Metaspace:

Usage:
  Non-class:     16.37 MB capacity,    15.76 MB ( 96%) used,   592.12 KB (  4%) free+waste,    39.06 KB ( <1%) overhead. 
      Class:      1.85 MB capacity,     1.74 MB ( 94%) used,    98.53 KB (  5%) free+waste,    17.75 KB ( <1%) overhead. 
       Both:     18.22 MB capacity,    17.49 MB ( 96%) used,   690.65 KB (  4%) free+waste,    56.81 KB ( <1%) overhead. 

Virtual space:
  Non-class space:       18.00 MB reserved,      16.50 MB ( 92%) committed 
      Class space:        1.00 GB reserved,       1.88 MB ( <1%) committed 
             Both:        1.02 GB reserved,      18.38 MB (  2%) committed 

Chunk freelists:
   Non-Class:  3.00 KB
       Class:  1.00 KB
        Both:  4.00 KB

MaxMetaspaceSize: unlimited
CompressedClassSpaceSize: 1.00 GB

CodeHeap 'non-profiled nmethods': size=120032Kb used=964Kb max_used=964Kb free=119067Kb
 bounds [0x00007f5643fc7000, 0x00007f5644237000, 0x00007f564b4ff000]
CodeHeap 'profiled nmethods': size=120032Kb used=3503Kb max_used=3518Kb free=116528Kb
 bounds [0x00007f563ca8f000, 0x00007f563ce0f000, 0x00007f5643fc7000]
CodeHeap 'non-nmethods': size=5696Kb used=1245Kb max_used=1302Kb free=4450Kb
 bounds [0x00007f563c4ff000, 0x00007f563c76f000, 0x00007f563ca8f000]
 total_blobs=3290 nmethods=1781 adapters=470
 compilation: enabled
              stopped_count=0, restarted_count=0
 full_count=0

Compilation events (20 events):
Event: 2377.077 Thread 0x00007f5654119000 2079       3       java.lang.Long::compare (22 bytes)
Event: 2377.077 Thread 0x00007f5654119000 nmethod 2079 0x00007f563cdfba10 code [0x00007f563cdfbbc0, 0x00007f563cdfbdd0]
Event: 2377.077 Thread 0x00007f5654119000 2078       3       jdk.internal.util.jar.JarIndex::getJarIndex (28 bytes)
Event: 2377.079 Thread 0x00007f5654119000 nmethod 2078 0x00007f563cdfbe90 code [0x00007f563cdfc160, 0x00007f563cdfd008]
Event: 2377.079 Thread 0x00007f5654119000 2080   !   3       sun.net.www.ParseUtil::decode (316 bytes)
Event: 2377.091 Thread 0x00007f5654119000 nmethod 2080 0x00007f563cdfd590 code [0x00007f563cdfdc60, 0x00007f563ce017d8]
Event: 2381.917 Thread 0x00007f5654119000 2081  s    3       sun.net.www.MessageHeader::add (35 bytes)
Event: 2381.919 Thread 0x00007f5654119000 nmethod 2081 0x00007f563ce03410 code [0x00007f563ce03600, 0x00007f563ce03c48]
Event: 2569.618 Thread 0x00007f5654117000 2082       4       jdk.internal.logger.SimpleConsoleLogger::isLoggable (29 bytes)
Event: 2569.622 Thread 0x00007f5654117000 nmethod 2082 0x00007f56440b5310 code [0x00007f56440b54c0, 0x00007f56440b5618]
Event: 2570.119 Thread 0x00007f5654117000 2083       4       jdk.internal.logger.LazyLoggers$LazyLoggerWrapper::platformProxy (10 bytes)
Event: 2570.135 Thread 0x00007f5654117000 nmethod 2083 0x00007f56440b5790 code [0x00007f56440b5960, 0x00007f56440b62b0]
Event: 2610.672 Thread 0x00007f5654117000 2084       4       jdk.internal.logger.AbstractLoggerWrapper::isLoggable (26 bytes)
Event: 2610.678 Thread 0x00007f5654117000 nmethod 2084 0x00007f56440b6510 code [0x00007f56440b66c0, 0x00007f56440b6868]
Event: 2689.777 Thread 0x00007f5654117000 2085   !   4       sun.awt.X11.XToolkit::callTimeoutTasks (220 bytes)
Event: 2689.784 Thread 0x00007f5654117000 nmethod 2085 0x00007f56440b6a90 code [0x00007f56440b6c40, 0x00007f56440b6dc8]
Event: 2692.280 Thread 0x00007f5654117000 2086   !   4       sun.awt.X11.XToolkit::getNextTaskTime (55 bytes)
Event: 2692.293 Thread 0x00007f5654117000 nmethod 2086 0x00007f56440b7010 code [0x00007f56440b71c0, 0x00007f56440b75d8]
Event: 3032.722 Thread 0x00007f5654117000 2087       4       sun.awt.SunToolkit::awtLock (7 bytes)
Event: 3032.730 Thread 0x00007f5654117000 nmethod 2087 0x00007f56440b7910 code [0x00007f56440b7ac0, 0x00007f56440b7d58]

GC Heap History (12 events):
Event: 42.411 GC heap before
{Heap before GC invocations=0 (full 0):
 garbage-first heap   total 63488K, used 14336K [0x00000000c3800000, 0x0000000100000000)
  region size 1024K, 14 young (14336K), 0 survivors (0K)
 Metaspace       used 12546K, capacity 12847K, committed 13184K, reserved 1060864K
  class space    used 1212K, capacity 1330K, committed 1408K, reserved 1048576K
}
Event: 42.419 GC heap after
{Heap after GC invocations=1 (full 0):
 garbage-first heap   total 63488K, used 3804K [0x00000000c3800000, 0x0000000100000000)
  region size 1024K, 2 young (2048K), 2 survivors (2048K)
 Metaspace       used 12546K, capacity 12847K, committed 13184K, reserved 1060864K
  class space    used 1212K, capacity 1330K, committed 1408K, reserved 1048576K
}
Event: 45.722 GC heap before
{Heap before GC invocations=1 (full 0):
 garbage-first heap   total 63488K, used 8924K [0x00000000c3800000, 0x0000000100000000)
  region size 1024K, 7 young (7168K), 2 survivors (2048K)
 Metaspace       used 15521K, capacity 15754K, committed 16000K, reserved 1062912K
  class space    used 1562K, capacity 1658K, committed 1664K, reserved 1048576K
}
Event: 45.727 GC heap after
{Heap after GC invocations=2 (full 0):
 garbage-first heap   total 63488K, used 5072K [0x00000000c3800000, 0x0000000100000000)
  region size 1024K, 1 young (1024K), 1 survivors (1024K)
 Metaspace       used 15521K, capacity 15754K, committed 16000K, reserved 1062912K
  class space    used 1562K, capacity 1658K, committed 1664K, reserved 1048576K
}
Event: 1083.099 GC heap before
{Heap before GC invocations=2 (full 0):
 garbage-first heap   total 63488K, used 25552K [0x00000000c3800000, 0x0000000100000000)
  region size 1024K, 22 young (22528K), 1 survivors (1024K)
 Metaspace       used 17302K, capacity 17681K, committed 18048K, reserved 1064960K
  class space    used 1715K, capacity 1814K, committed 1920K, reserved 1048576K
}
Event: 1083.118 GC heap after
{Heap after GC invocations=3 (full 0):
 garbage-first heap   total 63488K, used 6096K [0x00000000c3800000, 0x0000000100000000)
  region size 1024K, 2 young (2048K), 2 survivors (2048K)
 Metaspace       used 17302K, capacity 17681K, committed 18048K, reserved 1064960K
  class space    used 1715K, capacity 1814K, committed 1920K, reserved 1048576K
}
Event: 1156.066 GC heap before
{Heap before GC invocations=3 (full 0):
 garbage-first heap   total 63488K, used 29648K [0x00000000c3800000, 0x0000000100000000)
  region size 1024K, 25 young (25600K), 2 survivors (2048K)
 Metaspace       used 17348K, capacity 17812K, committed 18048K, reserved 1064960K
  class space    used 1716K, capacity 1816K, committed 1920K, reserved 1048576K
}
Event: 1156.071 GC heap after
{Heap after GC invocations=4 (full 0):
 garbage-first heap   total 63488K, used 5841K [0x00000000c3800000, 0x0000000100000000)
  region size 1024K, 2 young (2048K), 2 survivors (2048K)
 Metaspace       used 17348K, capacity 17812K, committed 18048K, reserved 1064960K
  class space    used 1716K, capacity 1816K, committed 1920K, reserved 1048576K
}
Event: 1174.443 GC heap before
{Heap before GC invocations=4 (full 0):
 garbage-first heap   total 63488K, used 32465K [0x00000000c3800000, 0x0000000100000000)
  region size 1024K, 28 young (28672K), 2 survivors (2048K)
 Metaspace       used 17408K, capacity 17824K, committed 18048K, reserved 1064960K
  class space    used 1717K, capacity 1818K, committed 1920K, reserved 1048576K
}
Event: 1174.475 GC heap after
{Heap after GC invocations=5 (full 0):
 garbage-first heap   total 63488K, used 5820K [0x00000000c3800000, 0x0000000100000000)
  region size 1024K, 2 young (2048K), 2 survivors (2048K)
 Metaspace       used 17408K, capacity 17824K, committed 18048K, reserved 1064960K
  class space    used 1717K, capacity 1818K, committed 1920K, reserved 1048576K
}
Event: 1386.656 GC heap before
{Heap before GC invocations=5 (full 0):
 garbage-first heap   total 63488K, used 34492K [0x00000000c3800000, 0x0000000100000000)
  region size 1024K, 30 young (30720K), 2 survivors (2048K)
 Metaspace       used 17479K, capacity 17988K, committed 18304K, reserved 1064960K
  class space    used 1723K, capacity 1826K, committed 1920K, reserved 1048576K
}
Event: 1386.660 GC heap after
{Heap after GC invocations=6 (full 0):
 garbage-first heap   total 63488K, used 6038K [0x00000000c3800000, 0x0000000100000000)
  region size 1024K, 2 young (2048K), 2 survivors (2048K)
 Metaspace       used 17479K, capacity 17988K, committed 18304K, reserved 1064960K
  class space    used 1723K, capacity 1826K, committed 1920K, reserved 1048576K
}

Deoptimization events (20 events):
Event: 2381.918 Thread 0x00007f55c8322800 Uncommon trap: trap_request=0xffffffc6 fr.pc=0x00007f5644063b54 relative=0x00000000000001f4
Event: 2381.918 Thread 0x00007f55c8322800 Uncommon trap: reason=bimorphic_or_optimized_type_check action=maybe_recompile pc=0x00007f5644063b54 method=java.io.BufferedOutputStream.flush()V @ 8 c2
Event: 2381.918 Thread 0x00007f55c8322800 DEOPT PACKING pc=0x00007f5644063b54 sp=0x00007f55d9fb1cb0
Event: 2381.918 Thread 0x00007f55c8322800 DEOPT UNPACKING pc=0x00007f563c537f25 sp=0x00007f55d9fb1c28 mode 2
Event: 2381.918 Thread 0x00007f55c8322800 Uncommon trap: trap_request=0xffffffc6 fr.pc=0x00007f5644063b54 relative=0x00000000000001f4
Event: 2381.918 Thread 0x00007f55c8322800 Uncommon trap: reason=bimorphic_or_optimized_type_check action=maybe_recompile pc=0x00007f5644063b54 method=java.io.BufferedOutputStream.flush()V @ 8 c2
Event: 2381.918 Thread 0x00007f55c8322800 DEOPT PACKING pc=0x00007f5644063b54 sp=0x00007f55d9fb1d30
Event: 2381.918 Thread 0x00007f55c8322800 DEOPT UNPACKING pc=0x00007f563c537f25 sp=0x00007f55d9fb1ca8 mode 2
Event: 2383.647 Thread 0x00007f55c8322800 Uncommon trap: trap_request=0xffffffc6 fr.pc=0x00007f5644063b54 relative=0x00000000000001f4
Event: 2383.647 Thread 0x00007f55c8322800 Uncommon trap: reason=bimorphic_or_optimized_type_check action=maybe_recompile pc=0x00007f5644063b54 method=java.io.BufferedOutputStream.flush()V @ 8 c2
Event: 2383.647 Thread 0x00007f55c8322800 DEOPT PACKING pc=0x00007f5644063b54 sp=0x00007f55d9fb1870
Event: 2383.647 Thread 0x00007f55c8322800 DEOPT UNPACKING pc=0x00007f563c537f25 sp=0x00007f55d9fb17e8 mode 2
Event: 2383.648 Thread 0x00007f55c8322800 DEOPT PACKING pc=0x00007f563cb247fc sp=0x00007f55d9fb17b0
Event: 2383.648 Thread 0x00007f55c8322800 DEOPT UNPACKING pc=0x00007f563c537d3a sp=0x00007f55d9fb0c68 mode 1
Event: 2383.648 Thread 0x00007f55c8322800 DEOPT PACKING pc=0x00007f563cdbd9dc sp=0x00007f55d9fb1880
Event: 2383.649 Thread 0x00007f55c8322800 DEOPT UNPACKING pc=0x00007f563c537d3a sp=0x00007f55d9fb0e38 mode 1
Event: 2383.650 Thread 0x00007f55c8322800 DEOPT PACKING pc=0x00007f563cb247fc sp=0x00007f55d9fb17b0
Event: 2383.650 Thread 0x00007f55c8322800 DEOPT UNPACKING pc=0x00007f563c537d3a sp=0x00007f55d9fb0c68 mode 1
Event: 2383.650 Thread 0x00007f55c8322800 DEOPT PACKING pc=0x00007f563cdbd9dc sp=0x00007f55d9fb1880
Event: 2383.650 Thread 0x00007f55c8322800 DEOPT UNPACKING pc=0x00007f563c537d3a sp=0x00007f55d9fb0e38 mode 1

Classes redefined (0 events):
No events

Internal exceptions (20 events):
Event: 1381.609 Thread 0x00007f55c8319000 Exception <a 'java/security/PrivilegedActionException'{0x00000000c5a3a450}> (0x00000000c5a3a450) thrown at [./src/hotspot/share/prims/jvm.cpp, line 1297]
Event: 1408.172 Thread 0x00007f55cc00d000 Exception <a 'java/security/PrivilegedActionException'{0x00000000c74a7fd0}> (0x00000000c74a7fd0) thrown at [./src/hotspot/share/prims/jvm.cpp, line 1297]
Event: 1408.172 Thread 0x00007f55cc00d000 Exception <a 'java/security/PrivilegedActionException'{0x00000000c74a82a0}> (0x00000000c74a82a0) thrown at [./src/hotspot/share/prims/jvm.cpp, line 1297]
Event: 1589.059 Thread 0x00007f55d4009800 Exception <a 'java/security/PrivilegedActionException'{0x00000000c72a65d8}> (0x00000000c72a65d8) thrown at [./src/hotspot/share/prims/jvm.cpp, line 1297]
Event: 1589.059 Thread 0x00007f55d4009800 Exception <a 'java/security/PrivilegedActionException'{0x00000000c72a68a8}> (0x00000000c72a68a8) thrown at [./src/hotspot/share/prims/jvm.cpp, line 1297]
Event: 1621.515 Thread 0x00007f55e0001800 Exception <a 'java/security/PrivilegedActionException'{0x00000000c70c85f0}> (0x00000000c70c85f0) thrown at [./src/hotspot/share/prims/jvm.cpp, line 1297]
Event: 1621.515 Thread 0x00007f55e0001800 Exception <a 'java/security/PrivilegedActionException'{0x00000000c70c88c0}> (0x00000000c70c88c0) thrown at [./src/hotspot/share/prims/jvm.cpp, line 1297]
Event: 1694.548 Thread 0x00007f55dc01f800 Exception <a 'java/security/PrivilegedActionException'{0x00000000c6efaac8}> (0x00000000c6efaac8) thrown at [./src/hotspot/share/prims/jvm.cpp, line 1297]
Event: 1694.548 Thread 0x00007f55dc01f800 Exception <a 'java/security/PrivilegedActionException'{0x00000000c6efad98}> (0x00000000c6efad98) thrown at [./src/hotspot/share/prims/jvm.cpp, line 1297]
Event: 1761.452 Thread 0x00007f55e4005000 Exception <a 'java/security/PrivilegedActionException'{0x00000000c6b09f50}> (0x00000000c6b09f50) thrown at [./src/hotspot/share/prims/jvm.cpp, line 1297]
Event: 1761.452 Thread 0x00007f55e4005000 Exception <a 'java/security/PrivilegedActionException'{0x00000000c6b0a220}> (0x00000000c6b0a220) thrown at [./src/hotspot/share/prims/jvm.cpp, line 1297]
Event: 1889.808 Thread 0x00007f55d047b800 Exception <a 'java/security/PrivilegedActionException'{0x00000000c6930b50}> (0x00000000c6930b50) thrown at [./src/hotspot/share/prims/jvm.cpp, line 1297]
Event: 1889.808 Thread 0x00007f55d047b800 Exception <a 'java/security/PrivilegedActionException'{0x00000000c6930e20}> (0x00000000c6930e20) thrown at [./src/hotspot/share/prims/jvm.cpp, line 1297]
Event: 1954.374 Thread 0x00007f55ec001800 Exception <a 'java/security/PrivilegedActionException'{0x00000000c67a42b0}> (0x00000000c67a42b0) thrown at [./src/hotspot/share/prims/jvm.cpp, line 1297]
Event: 1954.374 Thread 0x00007f55ec001800 Exception <a 'java/security/PrivilegedActionException'{0x00000000c67a4580}> (0x00000000c67a4580) thrown at [./src/hotspot/share/prims/jvm.cpp, line 1297]
Event: 1960.688 Thread 0x00007f55c8322800 Exception <a 'java/lang/NoSuchMethodError'{0x00000000c6580f20}: 'java.lang.Object java.lang.invoke.Invokers$Holder.linkToTargetMethod(java.lang.Object, int, java.lang.Object)'> (0x00000000c6580f20) thrown at [./src/hotspot/share/interpreter/linkResolver.cpp, line 773]
Event: 2016.345 Thread 0x00007f55f8001800 Exception <a 'java/security/PrivilegedActionException'{0x00000000c6409f20}> (0x00000000c6409f20) thrown at [./src/hotspot/share/prims/jvm.cpp, line 1297]
Event: 2016.345 Thread 0x00007f55f8001800 Exception <a 'java/security/PrivilegedActionException'{0x00000000c640a1f0}> (0x00000000c640a1f0) thrown at [./src/hotspot/share/prims/jvm.cpp, line 1297]
Event: 2377.076 Thread 0x00007f55d0543800 Exception <a 'java/security/PrivilegedActionException'{0x00000000c62571d0}> (0x00000000c62571d0) thrown at [./src/hotspot/share/prims/jvm.cpp, line 1297]
Event: 2377.077 Thread 0x00007f55d0543800 Exception <a 'java/security/PrivilegedActionException'{0x00000000c62574a0}> (0x00000000c62574a0) thrown at [./src/hotspot/share/prims/jvm.cpp, line 1297]

Events (20 events):
Event: 2569.624 Thread 0x00007f565411b000 flushing nmethod 0x00007f563cb7db10
Event: 2569.624 Thread 0x00007f565411b000 flushing nmethod 0x00007f563cb7e610
Event: 2569.625 Thread 0x00007f565411b000 flushing nmethod 0x00007f563cbcf410
Event: 2569.626 Thread 0x00007f565411b000 flushing nmethod 0x00007f563cd1e790
Event: 4809.092 Executing VM operation: ChangeBreakpoints
Event: 4809.092 Executing VM operation: ChangeBreakpoints done
Event: 4809.092 Thread 0x00007f55fc001800 Thread exited: 0x00007f55fc001800
Event: 4809.092 Executing VM operation: ChangeBreakpoints
Event: 4809.092 Executing VM operation: ChangeBreakpoints done
Event: 4809.092 Executing VM operation: ChangeBreakpoints
Event: 4809.092 Executing VM operation: ChangeBreakpoints done
Event: 4809.092 Executing VM operation: ChangeBreakpoints
Event: 4809.092 Executing VM operation: ChangeBreakpoints done
Event: 4809.093 Executing VM operation: RevokeBias
Event: 4809.093 Executing coalesced safepoint VM operation: RevokeBias
Event: 4809.093 Executing coalesced safepoint VM operation: RevokeBias done
Event: 4809.093 Executing VM operation: RevokeBias done
Event: 4809.093 Thread 0x00007f55c4002800 Thread added: 0x00007f55c4002800
Event: 4809.093 Protecting memory [0x00007f562daf7000,0x00007f562dafb000] with protection modes 0
Event: 4809.093 loading class sun/awt/X11/XSystemTrayPeer


Dynamic libraries:
c3800000-c7600000 rw-p 00000000 00:00 0 
c7600000-100000000 ---p 00000000 00:00 0 
100000000-1001e0000 rw-p 00000000 00:00 0 
1001e0000-140000000 ---p 00000000 00:00 0 
56094a774000-56094a775000 r-xp 00000000 07:01 246                        /snap/bluej/17/usr/lib/jvm/java-11-openjdk-amd64/bin/java
56094a975000-56094a976000 r--p 00001000 07:01 246                        /snap/bluej/17/usr/lib/jvm/java-11-openjdk-amd64/bin/java
56094a976000-56094a977000 rw-p 00002000 07:01 246                        /snap/bluej/17/usr/lib/jvm/java-11-openjdk-amd64/bin/java
56094b409000-56094b42a000 rw-p 00000000 00:00 0                          [heap]
7f55b4000000-7f55b4021000 rw-p 00000000 00:00 0 
7f55b4021000-7f55b8000000 ---p 00000000 00:00 0 
7f55b8000000-7f55b8021000 rw-p 00000000 00:00 0 
7f55b8021000-7f55bc000000 ---p 00000000 00:00 0 
7f55bc000000-7f55bc021000 rw-p 00000000 00:00 0 
7f55bc021000-7f55c0000000 ---p 00000000 00:00 0 
7f55c0000000-7f55c0027000 rw-p 00000000 00:00 0 
7f55c0027000-7f55c4000000 ---p 00000000 00:00 0 
7f55c4000000-7f55c4021000 rw-p 00000000 00:00 0 
7f55c4021000-7f55c8000000 ---p 00000000 00:00 0 
7f55c8000000-7f55c8575000 rw-p 00000000 00:00 0 
7f55c8575000-7f55cc000000 ---p 00000000 00:00 0 
7f55cc000000-7f55cc021000 rw-p 00000000 00:00 0 
7f55cc021000-7f55d0000000 ---p 00000000 00:00 0 
7f55d0000000-7f55d0603000 rw-p 00000000 00:00 0 
7f55d0603000-7f55d4000000 ---p 00000000 00:00 0 
7f55d4000000-7f55d4021000 rw-p 00000000 00:00 0 
7f55d4021000-7f55d8000000 ---p 00000000 00:00 0 
7f55d9cb3000-7f55d9d33000 rw-p 00000000 00:00 0 
7f55d9d33000-7f55d9eb7000 ---p 00000000 00:00 0 
7f55d9eb7000-7f55d9fb4000 rw-p 00000000 00:00 0 
7f55d9fb4000-7f55d9fb8000 ---p 00000000 00:00 0 
7f55d9fb8000-7f55da2b5000 rw-p 00000000 00:00 0 
7f55da2b5000-7f55da2ba000 r-xp 00000000 07:0b 1453                       /lib/x86_64-linux-gnu/libnss_dns-2.27.so
7f55da2ba000-7f55da4ba000 ---p 00005000 07:0b 1453                       /lib/x86_64-linux-gnu/libnss_dns-2.27.so
7f55da4ba000-7f55da4bb000 r--p 00005000 07:0b 1453                       /lib/x86_64-linux-gnu/libnss_dns-2.27.so
7f55da4bb000-7f55da4bc000 rw-p 00006000 07:0b 1453                       /lib/x86_64-linux-gnu/libnss_dns-2.27.so
7f55da4bc000-7f55da6bc000 rw-p 00000000 00:00 0 
7f55da6bc000-7f55da6be000 r-xp 00000000 07:01 574                        /snap/bluej/17/usr/lib/jvm/java-11-openjdk-amd64/lib/libextnet.so
7f55da6be000-7f55da8bd000 ---p 00002000 07:01 574                        /snap/bluej/17/usr/lib/jvm/java-11-openjdk-amd64/lib/libextnet.so
7f55da8bd000-7f55da8be000 r--p 00001000 07:01 574                        /snap/bluej/17/usr/lib/jvm/java-11-openjdk-amd64/lib/libextnet.so
7f55da8be000-7f55da8bf000 rw-p 00002000 07:01 574                        /snap/bluej/17/usr/lib/jvm/java-11-openjdk-amd64/lib/libextnet.so
7f55da8bf000-7f55da8c0000 ---p 00000000 00:00 0 
7f55da8c0000-7f55da9c1000 rw-p 00000000 00:00 0 
7f55da9c1000-7f55da9c2000 ---p 00000000 00:00 0 
7f55da9c2000-7f55daac3000 rw-p 00000000 00:00 0 
7f55daac3000-7f55daac4000 ---p 00000000 00:00 0 
7f55daac4000-7f55dabc5000 rw-p 00000000 00:00 0 
7f55dabc5000-7f55dabc6000 ---p 00000000 00:00 0 
7f55dabc6000-7f55daec7000 rw-p 00000000 00:00 0 
7f55daec7000-7f55daef1000 r-xp 00000000 07:01 600                        /snap/bluej/17/usr/lib/jvm/java-11-openjdk-amd64/lib/libsunec.so
7f55daef1000-7f55db0f0000 ---p 0002a000 07:01 600                        /snap/bluej/17/usr/lib/jvm/java-11-openjdk-amd64/lib/libsunec.so
7f55db0f0000-7f55db0f4000 r--p 00029000 07:01 600                        /snap/bluej/17/usr/lib/jvm/java-11-openjdk-amd64/lib/libsunec.so
7f55db0f4000-7f55db0f6000 rw-p 0002d000 07:01 600                        /snap/bluej/17/usr/lib/jvm/java-11-openjdk-amd64/lib/libsunec.so
7f55db0f6000-7f55db0fa000 ---p 00000000 00:00 0 
7f55db0fa000-7f55db1f7000 rw-p 00000000 00:00 0 
7f55db1f7000-7f55db1fb000 ---p 00000000 00:00 0 
7f55db1fb000-7f55db2f8000 rw-p 00000000 00:00 0 
7f55db2f8000-7f55db2fc000 ---p 00000000 00:00 0 
7f55db2fc000-7f55db5f9000 rw-p 00000000 00:00 0 
7f55db5f9000-7f55db5fe000 r-xp 00000000 07:01 813                        /snap/bluej/17/usr/lib/x86_64-linux-gnu/libXfixes.so.3.1.0
7f55db5fe000-7f55db7fd000 ---p 00005000 07:01 813                        /snap/bluej/17/usr/lib/x86_64-linux-gnu/libXfixes.so.3.1.0
7f55db7fd000-7f55db7fe000 r--p 00004000 07:01 813                        /snap/bluej/17/usr/lib/x86_64-linux-gnu/libXfixes.so.3.1.0
7f55db7fe000-7f55db7ff000 rw-p 00005000 07:01 813                        /snap/bluej/17/usr/lib/x86_64-linux-gnu/libXfixes.so.3.1.0
7f55db7ff000-7f55db800000 ---p 00000000 00:00 0 
7f55db800000-7f55dc000000 rw-p 00000000 00:00 0 
7f55dc000000-7f55dc023000 rw-p 00000000 00:00 0 
7f55dc023000-7f55e0000000 ---p 00000000 00:00 0 
7f55e0000000-7f55e0021000 rw-p 00000000 00:00 0 
7f55e0021000-7f55e4000000 ---p 00000000 00:00 0 
7f55e4000000-7f55e40fa000 rw-p 00000000 00:00 0 
7f55e40fa000-7f55e8000000 ---p 00000000 00:00 0 
7f55e802b000-7f55e802f000 ---p 00000000 00:00 0 
7f55e802f000-7f55e812c000 rw-p 00000000 00:00 0 
7f55e812c000-7f55e8135000 r-xp 00000000 07:01 805                        /snap/bluej/17/usr/lib/x86_64-linux-gnu/libXcursor.so.1.0.2
7f55e8135000-7f55e8334000 ---p 00009000 07:01 805                        /snap/bluej/17/usr/lib/x86_64-linux-gnu/libXcursor.so.1.0.2
7f55e8334000-7f55e8335000 r--p 00008000 07:01 805                        /snap/bluej/17/usr/lib/x86_64-linux-gnu/libXcursor.so.1.0.2
7f55e8335000-7f55e8336000 rw-p 00009000 07:01 805                        /snap/bluej/17/usr/lib/x86_64-linux-gnu/libXcursor.so.1.0.2
7f55e8336000-7f55e8337000 ---p 00000000 00:00 0 
7f55e8337000-7f55e8b37000 rw-p 00000000 00:00 0 
7f55e8b37000-7f55e8b38000 ---p 00000000 00:00 0 
7f55e8b38000-7f55e9338000 rw-p 00000000 00:00 0 
7f55e9338000-7f55e9344000 r-xp 00000000 07:04 8282                       /snap/bluej/17/gnome-platform/usr/lib/x86_64-linux-gnu/gio/modules/libdconfsettings.so
7f55e9344000-7f55e9543000 ---p 0000c000 07:04 8282                       /snap/bluej/17/gnome-platform/usr/lib/x86_64-linux-gnu/gio/modules/libdconfsettings.so
7f55e9543000-7f55e9544000 r--p 0000b000 07:04 8282                       /snap/bluej/17/gnome-platform/usr/lib/x86_64-linux-gnu/gio/modules/libdconfsettings.so
7f55e9544000-7f55e9545000 rw-p 0000c000 07:04 8282                       /snap/bluej/17/gnome-platform/usr/lib/x86_64-linux-gnu/gio/modules/libdconfsettings.so
7f55e9545000-7f55e954b000 r-xp 00000000 07:0b 1501                       /lib/x86_64-linux-gnu/libuuid.so.1.3.0
7f55e954b000-7f55e974a000 ---p 00006000 07:0b 1501                       /lib/x86_64-linux-gnu/libuuid.so.1.3.0
7f55e974a000-7f55e974b000 r--p 00005000 07:0b 1501                       /lib/x86_64-linux-gnu/libuuid.so.1.3.0
7f55e974b000-7f55e974c000 rw-p 00006000 07:0b 1501                       /lib/x86_64-linux-gnu/libuuid.so.1.3.0
7f55e974c000-7f55e9793000 r-xp 00000000 07:0b 1376                       /lib/x86_64-linux-gnu/libblkid.so.1.1.0
7f55e9793000-7f55e9993000 ---p 00047000 07:0b 1376                       /lib/x86_64-linux-gnu/libblkid.so.1.1.0
7f55e9993000-7f55e9997000 r--p 00047000 07:0b 1376                       /lib/x86_64-linux-gnu/libblkid.so.1.1.0
7f55e9997000-7f55e9998000 rw-p 0004b000 07:0b 1376                       /lib/x86_64-linux-gnu/libblkid.so.1.1.0
7f55e9998000-7f55e9999000 rw-p 00000000 00:00 0 
7f55e9999000-7f55e9a09000 r-xp 00000000 07:0b 1471                       /lib/x86_64-linux-gnu/libpcre.so.3.13.3
7f55e9a09000-7f55e9c09000 ---p 00070000 07:0b 1471                       /lib/x86_64-linux-gnu/libpcre.so.3.13.3
7f55e9c09000-7f55e9c0a000 r--p 00070000 07:0b 1471                       /lib/x86_64-linux-gnu/libpcre.so.3.13.3
7f55e9c0a000-7f55e9c0b000 rw-p 00071000 07:0b 1471                       /lib/x86_64-linux-gnu/libpcre.so.3.13.3
7f55e9c0b000-7f55e9c12000 r-xp 00000000 07:01 885                        /snap/bluej/17/usr/lib/x86_64-linux-gnu/libffi.so.6.0.4
7f55e9c12000-7f55e9e11000 ---p 00007000 07:01 885                        /snap/bluej/17/usr/lib/x86_64-linux-gnu/libffi.so.6.0.4
7f55e9e11000-7f55e9e12000 r--p 00006000 07:01 885                        /snap/bluej/17/usr/lib/x86_64-linux-gnu/libffi.so.6.0.4
7f55e9e12000-7f55e9e13000 rw-p 00007000 07:01 885                        /snap/bluej/17/usr/lib/x86_64-linux-gnu/libffi.so.6.0.4
7f55e9e13000-7f55e9e64000 r-xp 00000000 07:0b 1438                       /lib/x86_64-linux-gnu/libmount.so.1.1.0
7f55e9e64000-7f55ea063000 ---p 00051000 07:0b 1438                       /lib/x86_64-linux-gnu/libmount.so.1.1.0
7f55ea063000-7f55ea065000 r--p 00050000 07:0b 1438                       /lib/x86_64-linux-gnu/libmount.so.1.1.0
7f55ea065000-7f55ea066000 rw-p 00052000 07:0b 1438                       /lib/x86_64-linux-gnu/libmount.so.1.1.0
7f55ea066000-7f55ea067000 rw-p 00000000 00:00 0 
7f55ea067000-7f55ea07e000 r-xp 00000000 07:0b 1478                       /lib/x86_64-linux-gnu/libresolv-2.27.so
7f55ea07e000-7f55ea27e000 ---p 00017000 07:0b 1478                       /lib/x86_64-linux-gnu/libresolv-2.27.so
7f55ea27e000-7f55ea27f000 r--p 00017000 07:0b 1478                       /lib/x86_64-linux-gnu/libresolv-2.27.so
7f55ea27f000-7f55ea280000 rw-p 00018000 07:0b 1478                       /lib/x86_64-linux-gnu/libresolv-2.27.so
7f55ea280000-7f55ea282000 rw-p 00000000 00:00 0 
7f55ea282000-7f55ea2a7000 r-xp 00000000 07:0b 1484                       /lib/x86_64-linux-gnu/libselinux.so.1
7f55ea2a7000-7f55ea4a6000 ---p 00025000 07:0b 1484                       /lib/x86_64-linux-gnu/libselinux.so.1
7f55ea4a6000-7f55ea4a7000 r--p 00024000 07:0b 1484                       /lib/x86_64-linux-gnu/libselinux.so.1
7f55ea4a7000-7f55ea4a8000 rw-p 00025000 07:0b 1484                       /lib/x86_64-linux-gnu/libselinux.so.1
7f55ea4a8000-7f55ea4aa000 rw-p 00000000 00:00 0 
7f55ea4aa000-7f55ea5be000 r-xp 00000000 07:01 907                        /snap/bluej/17/usr/lib/x86_64-linux-gnu/libglib-2.0.so.0.5600.4
7f55ea5be000-7f55ea7be000 ---p 00114000 07:01 907                        /snap/bluej/17/usr/lib/x86_64-linux-gnu/libglib-2.0.so.0.5600.4
7f55ea7be000-7f55ea7bf000 r--p 00114000 07:01 907                        /snap/bluej/17/usr/lib/x86_64-linux-gnu/libglib-2.0.so.0.5600.4
7f55ea7bf000-7f55ea7c0000 rw-p 00115000 07:01 907                        /snap/bluej/17/usr/lib/x86_64-linux-gnu/libglib-2.0.so.0.5600.4
7f55ea7c0000-7f55ea7c1000 rw-p 00000000 00:00 0 
7f55ea7c1000-7f55ea7c4000 r-xp 00000000 07:01 911                        /snap/bluej/17/usr/lib/x86_64-linux-gnu/libgmodule-2.0.so.0.5600.4
7f55ea7c4000-7f55ea9c3000 ---p 00003000 07:01 911                        /snap/bluej/17/usr/lib/x86_64-linux-gnu/libgmodule-2.0.so.0.5600.4
7f55ea9c3000-7f55ea9c4000 r--p 00002000 07:01 911                        /snap/bluej/17/usr/lib/x86_64-linux-gnu/libgmodule-2.0.so.0.5600.4
7f55ea9c4000-7f55ea9c5000 rw-p 00003000 07:01 911                        /snap/bluej/17/usr/lib/x86_64-linux-gnu/libgmodule-2.0.so.0.5600.4
7f55ea9c5000-7f55eaa17000 r-xp 00000000 07:01 917                        /snap/bluej/17/usr/lib/x86_64-linux-gnu/libgobject-2.0.so.0.5600.4
7f55eaa17000-7f55eac17000 ---p 00052000 07:01 917                        /snap/bluej/17/usr/lib/x86_64-linux-gnu/libgobject-2.0.so.0.5600.4
7f55eac17000-7f55eac18000 r--p 00052000 07:01 917                        /snap/bluej/17/usr/lib/x86_64-linux-gnu/libgobject-2.0.so.0.5600.4
7f55eac18000-7f55eac19000 rw-p 00053000 07:01 917                        /snap/bluej/17/usr/lib/x86_64-linux-gnu/libgobject-2.0.so.0.5600.4
7f55eac19000-7f55eadae000 r-xp 00000000 07:01 903                        /snap/bluej/17/usr/lib/x86_64-linux-gnu/libgio-2.0.so.0.5600.4
7f55eadae000-7f55eafae000 ---p 00195000 07:01 903                        /snap/bluej/17/usr/lib/x86_64-linux-gnu/libgio-2.0.so.0.5600.4
7f55eafae000-7f55eafb5000 r--p 00195000 07:01 903                        /snap/bluej/17/usr/lib/x86_64-linux-gnu/libgio-2.0.so.0.5600.4
7f55eafb5000-7f55eafb6000 rw-p 0019c000 07:01 903                        /snap/bluej/17/usr/lib/x86_64-linux-gnu/libgio-2.0.so.0.5600.4
7f55eafb6000-7f55eafb8000 rw-p 00000000 00:00 0 
7f55eafb8000-7f55eafc2000 r-xp 00000000 07:01 819                        /snap/bluej/17/usr/lib/x86_64-linux-gnu/libXrandr.so.2.2.0
7f55eafc2000-7f55eb1c1000 ---p 0000a000 07:01 819                        /snap/bluej/17/usr/lib/x86_64-linux-gnu/libXrandr.so.2.2.0
7f55eb1c1000-7f55eb1c2000 r--p 00009000 07:01 819                        /snap/bluej/17/usr/lib/x86_64-linux-gnu/libXrandr.so.2.2.0
7f55eb1c2000-7f55eb1c3000 rw-p 0000a000 07:01 819                        /snap/bluej/17/usr/lib/x86_64-linux-gnu/libXrandr.so.2.2.0
7f55eb1c3000-7f55eb1f4000 r-xp 00000000 07:01 1004                       /snap/bluej/17/usr/lib/x86_64-linux-gnu/libpng16.so.16.34.0
7f55eb1f4000-7f55eb3f3000 ---p 00031000 07:01 1004                       /snap/bluej/17/usr/lib/x86_64-linux-gnu/libpng16.so.16.34.0
7f55eb3f3000-7f55eb3f4000 r--p 00030000 07:01 1004                       /snap/bluej/17/usr/lib/x86_64-linux-gnu/libpng16.so.16.34.0
7f55eb3f4000-7f55eb3f5000 rw-p 00031000 07:01 1004                       /snap/bluej/17/usr/lib/x86_64-linux-gnu/libpng16.so.16.34.0
7f55eb3f5000-7f55eb4a2000 r-xp 00000000 07:01 891                        /snap/bluej/17/usr/lib/x86_64-linux-gnu/libfreetype.so.6.15.0
7f55eb4a2000-7f55eb6a1000 ---p 000ad000 07:01 891                        /snap/bluej/17/usr/lib/x86_64-linux-gnu/libfreetype.so.6.15.0
7f55eb6a1000-7f55eb6a8000 r--p 000ac000 07:01 891                        /snap/bluej/17/usr/lib/x86_64-linux-gnu/libfreetype.so.6.15.0
7f55eb6a8000-7f55eb6a9000 rw-p 000b3000 07:01 891                        /snap/bluej/17/usr/lib/x86_64-linux-gnu/libfreetype.so.6.15.0
7f55eb6a9000-7f55eb7dd000 r-xp 00000000 07:01 575                        /snap/bluej/17/usr/lib/jvm/java-11-openjdk-amd64/lib/libfontmanager.so
7f55eb7dd000-7f55eb9dc000 ---p 00134000 07:01 575                        /snap/bluej/17/usr/lib/jvm/java-11-openjdk-amd64/lib/libfontmanager.so
7f55eb9dc000-7f55eb9dd000 r--p 00133000 07:01 575                        /snap/bluej/17/usr/lib/jvm/java-11-openjdk-amd64/lib/libfontmanager.so
7f55eb9dd000-7f55eb9de000 rw-p 00134000 07:01 575                        /snap/bluej/17/usr/lib/jvm/java-11-openjdk-amd64/lib/libfontmanager.so
7f55eb9de000-7f55eb9e1000 rw-p 00000000 00:00 0 
7f55eb9e1000-7f55eb9f4000 r-xp 00000000 07:01 176                        /snap/bluej/17/lib/x86_64-linux-gnu/libbsd.so.0.8.7
7f55eb9f4000-7f55ebbf3000 ---p 00013000 07:01 176                        /snap/bluej/17/lib/x86_64-linux-gnu/libbsd.so.0.8.7
7f55ebbf3000-7f55ebbf4000 r--p 00012000 07:01 176                        /snap/bluej/17/lib/x86_64-linux-gnu/libbsd.so.0.8.7
7f55ebbf4000-7f55ebbf5000 rw-p 00013000 07:01 176                        /snap/bluej/17/lib/x86_64-linux-gnu/libbsd.so.0.8.7
7f55ebbf5000-7f55ebbf6000 rw-p 00000000 00:00 0 
7f55ebbf6000-7f55ebbfb000 r-xp 00000000 07:01 809                        /snap/bluej/17/usr/lib/x86_64-linux-gnu/libXdmcp.so.6.0.0
7f55ebbfb000-7f55ebdfa000 ---p 00005000 07:01 809                        /snap/bluej/17/usr/lib/x86_64-linux-gnu/libXdmcp.so.6.0.0
7f55ebdfa000-7f55ebdfb000 r--p 00004000 07:01 809                        /snap/bluej/17/usr/lib/x86_64-linux-gnu/libXdmcp.so.6.0.0
7f55ebdfb000-7f55ebdfc000 rw-p 00005000 07:01 809                        /snap/bluej/17/usr/lib/x86_64-linux-gnu/libXdmcp.so.6.0.0
7f55ebdfc000-7f55ebdfe000 r-xp 00000000 07:01 801                        /snap/bluej/17/usr/lib/x86_64-linux-gnu/libXau.so.6.0.0
7f55ebdfe000-7f55ebffe000 ---p 00002000 07:01 801                        /snap/bluej/17/usr/lib/x86_64-linux-gnu/libXau.so.6.0.0
7f55ebffe000-7f55ebfff000 r--p 00002000 07:01 801                        /snap/bluej/17/usr/lib/x86_64-linux-gnu/libXau.so.6.0.0
7f55ebfff000-7f55ec000000 rw-p 00003000 07:01 801                        /snap/bluej/17/usr/lib/x86_64-linux-gnu/libXau.so.6.0.0
7f55ec000000-7f55ec021000 rw-p 00000000 00:00 0 
7f55ec021000-7f55f0000000 ---p 00000000 00:00 0 
7f55f0000000-7f55f0021000 rw-p 00000000 00:00 0 
7f55f0021000-7f55f4000000 ---p 00000000 00:00 0 
7f55f4000000-7f55f4021000 rw-p 00000000 00:00 0 
7f55f4021000-7f55f8000000 ---p 00000000 00:00 0 
7f55f8000000-7f55f8021000 rw-p 00000000 00:00 0 
7f55f8021000-7f55fc000000 ---p 00000000 00:00 0 
7f55fc000000-7f55fc021000 rw-p 00000000 00:00 0 
7f55fc021000-7f5600000000 ---p 00000000 00:00 0 
7f5600000000-7f5600042000 rw-p 00000000 00:00 0 
7f5600042000-7f5604000000 ---p 00000000 00:00 0 
7f5604000000-7f5604716000 rw-p 00000000 00:00 0 
7f5604716000-7f5608000000 ---p 00000000 00:00 0 
7f5608000000-7f5608041000 rw-p 00000000 00:00 0 
7f5608041000-7f560c000000 ---p 00000000 00:00 0 
7f560c000000-7f560c021000 rw-p 00000000 00:00 0 
7f560c021000-7f5610000000 ---p 00000000 00:00 0 
7f5610000000-7f5611f7a000 rw-p 00000000 00:00 0 
7f5611f7a000-7f5614000000 ---p 00000000 00:00 0 
7f5614000000-7f5614021000 rw-p 00000000 00:00 0 
7f5614021000-7f5618000000 ---p 00000000 00:00 0 
7f5618000000-7f5618021000 rw-p 00000000 00:00 0 
7f5618021000-7f561c000000 ---p 00000000 00:00 0 
7f561c000000-7f561c021000 rw-p 00000000 00:00 0 
7f561c021000-7f5620000000 ---p 00000000 00:00 0 
7f5620000000-7f562007f000 rw-p 00000000 00:00 0 
7f562007f000-7f5624000000 ---p 00000000 00:00 0 
7f5624000000-7f5624021000 rw-p 00000000 00:00 0 
7f5624021000-7f5628000000 ---p 00000000 00:00 0 
7f5628000000-7f5628021000 rw-p 00000000 00:00 0 
7f5628021000-7f562c000000 ---p 00000000 00:00 0 
7f562c005000-7f562c009000 ---p 00000000 00:00 0 
7f562c009000-7f562c106000 rw-p 00000000 00:00 0 
7f562c106000-7f562c12c000 r-xp 00000000 07:01 1098                       /snap/bluej/17/usr/lib/x86_64-linux-gnu/libxcb.so.1.1.0
7f562c12c000-7f562c32c000 ---p 00026000 07:01 1098                       /snap/bluej/17/usr/lib/x86_64-linux-gnu/libxcb.so.1.1.0
7f562c32c000-7f562c32d000 r--p 00026000 07:01 1098                       /snap/bluej/17/usr/lib/x86_64-linux-gnu/libxcb.so.1.1.0
7f562c32d000-7f562c32e000 rw-p 00027000 07:01 1098                       /snap/bluej/17/usr/lib/x86_64-linux-gnu/libxcb.so.1.1.0
7f562c32e000-7f562c33d000 r-xp 00000000 07:01 815                        /snap/bluej/17/usr/lib/x86_64-linux-gnu/libXi.so.6.1.0
7f562c33d000-7f562c53c000 ---p 0000f000 07:01 815                        /snap/bluej/17/usr/lib/x86_64-linux-gnu/libXi.so.6.1.0
7f562c53c000-7f562c53d000 r--p 0000e000 07:01 815                        /snap/bluej/17/usr/lib/x86_64-linux-gnu/libXi.so.6.1.0
7f562c53d000-7f562c53e000 rw-p 0000f000 07:01 815                        /snap/bluej/17/usr/lib/x86_64-linux-gnu/libXi.so.6.1.0
7f562c53e000-7f562c543000 r-xp 00000000 07:01 823                        /snap/bluej/17/usr/lib/x86_64-linux-gnu/libXtst.so.6.1.0
7f562c543000-7f562c742000 ---p 00005000 07:01 823                        /snap/bluej/17/usr/lib/x86_64-linux-gnu/libXtst.so.6.1.0
7f562c742000-7f562c743000 r--p 00004000 07:01 823                        /snap/bluej/17/usr/lib/x86_64-linux-gnu/libXtst.so.6.1.0
7f562c743000-7f562c744000 rw-p 00005000 07:01 823                        /snap/bluej/17/usr/lib/x86_64-linux-gnu/libXtst.so.6.1.0
7f562c744000-7f562c74d000 r-xp 00000000 07:01 821                        /snap/bluej/17/usr/lib/x86_64-linux-gnu/libXrender.so.1.3.0
7f562c74d000-7f562c94c000 ---p 00009000 07:01 821                        /snap/bluej/17/usr/lib/x86_64-linux-gnu/libXrender.so.1.3.0
7f562c94c000-7f562c94d000 r--p 00008000 07:01 821                        /snap/bluej/17/usr/lib/x86_64-linux-gnu/libXrender.so.1.3.0
7f562c94d000-7f562c94e000 rw-p 00009000 07:01 821                        /snap/bluej/17/usr/lib/x86_64-linux-gnu/libXrender.so.1.3.0
7f562c94e000-7f562ca81000 r-xp 00000000 07:01 799                        /snap/bluej/17/usr/lib/x86_64-linux-gnu/libX11.so.6.3.0
7f562ca81000-7f562cc81000 ---p 00133000 07:01 799                        /snap/bluej/17/usr/lib/x86_64-linux-gnu/libX11.so.6.3.0
7f562cc81000-7f562cc82000 r--p 00133000 07:01 799                        /snap/bluej/17/usr/lib/x86_64-linux-gnu/libX11.so.6.3.0
7f562cc82000-7f562cc86000 rw-p 00134000 07:01 799                        /snap/bluej/17/usr/lib/x86_64-linux-gnu/libX11.so.6.3.0
7f562cc86000-7f562cc97000 r-xp 00000000 07:01 811                        /snap/bluej/17/usr/lib/x86_64-linux-gnu/libXext.so.6.4.0
7f562cc97000-7f562ce96000 ---p 00011000 07:01 811                        /snap/bluej/17/usr/lib/x86_64-linux-gnu/libXext.so.6.4.0
7f562ce96000-7f562ce97000 r--p 00010000 07:01 811                        /snap/bluej/17/usr/lib/x86_64-linux-gnu/libXext.so.6.4.0
7f562ce97000-7f562ce98000 rw-p 00011000 07:01 811                        /snap/bluej/17/usr/lib/x86_64-linux-gnu/libXext.so.6.4.0
7f562ce98000-7f562cef7000 r-xp 00000000 07:01 572                        /snap/bluej/17/usr/lib/jvm/java-11-openjdk-amd64/lib/libawt_xawt.so
7f562cef7000-7f562d0f6000 ---p 0005f000 07:01 572                        /snap/bluej/17/usr/lib/jvm/java-11-openjdk-amd64/lib/libawt_xawt.so
7f562d0f6000-7f562d0f7000 r--p 0005e000 07:01 572                        /snap/bluej/17/usr/lib/jvm/java-11-openjdk-amd64/lib/libawt_xawt.so
7f562d0f7000-7f562d0fa000 rw-p 0005f000 07:01 572                        /snap/bluej/17/usr/lib/jvm/java-11-openjdk-amd64/lib/libawt_xawt.so
7f562d0fa000-7f562d0fc000 rw-p 00000000 00:00 0 
7f562d0fc000-7f562d19a000 r-xp 00000000 07:01 570                        /snap/bluej/17/usr/lib/jvm/java-11-openjdk-amd64/lib/libawt.so
7f562d19a000-7f562d39a000 ---p 0009e000 07:01 570                        /snap/bluej/17/usr/lib/jvm/java-11-openjdk-amd64/lib/libawt.so
7f562d39a000-7f562d39b000 r--p 0009e000 07:01 570                        /snap/bluej/17/usr/lib/jvm/java-11-openjdk-amd64/lib/libawt.so
7f562d39b000-7f562d3a6000 rw-p 0009f000 07:01 570                        /snap/bluej/17/usr/lib/jvm/java-11-openjdk-amd64/lib/libawt.so
7f562d3a6000-7f562d3cb000 rw-p 00000000 00:00 0 
7f562d3cb000-7f562d3e1000 r-xp 00000000 07:01 593                        /snap/bluej/17/usr/lib/jvm/java-11-openjdk-amd64/lib/libnet.so
7f562d3e1000-7f562d5e0000 ---p 00016000 07:01 593                        /snap/bluej/17/usr/lib/jvm/java-11-openjdk-amd64/lib/libnet.so
7f562d5e0000-7f562d5e1000 r--p 00015000 07:01 593                        /snap/bluej/17/usr/lib/jvm/java-11-openjdk-amd64/lib/libnet.so
7f562d5e1000-7f562d5e2000 rw-p 00016000 07:01 593                        /snap/bluej/17/usr/lib/jvm/java-11-openjdk-amd64/lib/libnet.so
7f562d5e2000-7f562d5f2000 r-xp 00000000 07:01 594                        /snap/bluej/17/usr/lib/jvm/java-11-openjdk-amd64/lib/libnio.so
7f562d5f2000-7f562d7f1000 ---p 00010000 07:01 594                        /snap/bluej/17/usr/lib/jvm/java-11-openjdk-amd64/lib/libnio.so
7f562d7f1000-7f562d7f2000 r--p 0000f000 07:01 594                        /snap/bluej/17/usr/lib/jvm/java-11-openjdk-amd64/lib/libnio.so
7f562d7f2000-7f562d7f3000 rw-p 00010000 07:01 594                        /snap/bluej/17/usr/lib/jvm/java-11-openjdk-amd64/lib/libnio.so
7f562d7f3000-7f562d7f7000 ---p 00000000 00:00 0 
7f562d7f7000-7f562d8f4000 rw-p 00000000 00:00 0 
7f562d8f4000-7f562d8f5000 ---p 00000000 00:00 0 
7f562d8f5000-7f562d9f6000 rw-p 00000000 00:00 0 
7f562d9f6000-7f562d9fa000 ---p 00000000 00:00 0 
7f562d9fa000-7f562daf7000 rw-p 00000000 00:00 0 
7f562daf7000-7f562dafb000 ---p 00000000 00:00 0 
7f562dafb000-7f562dbf8000 rw-p 00000000 00:00 0 
7f562dbf8000-7f562dbfc000 ---p 00000000 00:00 0 
7f562dbfc000-7f562dcf9000 rw-p 00000000 00:00 0 
7f562dcf9000-7f562dcfd000 ---p 00000000 00:00 0 
7f562dcfd000-7f562ddfa000 rw-p 00000000 00:00 0 
7f562ddfa000-7f562ddfe000 r-xp 00000000 07:01 573                        /snap/bluej/17/usr/lib/jvm/java-11-openjdk-amd64/lib/libdt_socket.so
7f562ddfe000-7f562dffe000 ---p 00004000 07:01 573                        /snap/bluej/17/usr/lib/jvm/java-11-openjdk-amd64/lib/libdt_socket.so
7f562dffe000-7f562dfff000 r--p 00004000 07:01 573                        /snap/bluej/17/usr/lib/jvm/java-11-openjdk-amd64/lib/libdt_socket.so
7f562dfff000-7f562e000000 rw-p 00005000 07:01 573                        /snap/bluej/17/usr/lib/jvm/java-11-openjdk-amd64/lib/libdt_socket.so
7f562e000000-7f5630000000 rw-p 00000000 00:00 0 
7f5630000000-7f5630021000 rw-p 00000000 00:00 0 
7f5630021000-7f5634000000 ---p 00000000 00:00 0 
7f56340f2000-7f56340f6000 ---p 00000000 00:00 0 
7f56340f6000-7f56341f3000 rw-p 00000000 00:00 0 
7f56341f3000-7f56341f7000 ---p 00000000 00:00 0 
7f56341f7000-7f56342f4000 rw-p 00000000 00:00 0 
7f56342f4000-7f56342f8000 ---p 00000000 00:00 0 
7f56342f8000-7f56343f5000 rw-p 00000000 00:00 0 
7f56343f5000-7f56343f9000 ---p 00000000 00:00 0 
7f56343f9000-7f56344f6000 rw-p 00000000 00:00 0 
7f56344f6000-7f5634626000 r--p 00000000 07:04 538                        /snap/bluej/17/gnome-platform/usr/lib/locale/aa_DJ.utf8/LC_COLLATE
7f5634626000-7f563462a000 ---p 00000000 00:00 0 
7f563462a000-7f5634727000 rw-p 00000000 00:00 0 
7f5634727000-7f563472b000 ---p 00000000 00:00 0 
7f563472b000-7f5634828000 rw-p 00000000 00:00 0 
7f5634828000-7f5634829000 ---p 00000000 00:00 0 
7f5634829000-7f5635206000 rw-p 00000000 00:00 0 
7f5635206000-7f5635207000 ---p 00000000 00:00 0 
7f5635207000-7f5635308000 rw-p 00000000 00:00 0 
7f5635308000-7f5635309000 ---p 00000000 00:00 0 
7f5635309000-7f563580e000 rw-p 00000000 00:00 0 
7f563580e000-7f563580f000 ---p 00000000 00:00 0 
7f563580f000-7f5635910000 rw-p 00000000 00:00 0 
7f5635910000-7f5635911000 ---p 00000000 00:00 0 
7f5635911000-7f5635b0a000 rw-p 00000000 00:00 0 
7f5635b0a000-7f5636932000 ---p 00000000 00:00 0 
7f5636932000-7f5636a2a000 rw-p 00000000 00:00 0 
7f5636a2a000-7f5637852000 ---p 00000000 00:00 0 
7f5637852000-7f5637871000 rw-p 00000000 00:00 0 
7f5637871000-7f5637a36000 ---p 00000000 00:00 0 
7f5637a36000-7f5637a55000 rw-p 00000000 00:00 0 
7f5637a55000-7f5637c1a000 ---p 00000000 00:00 0 
7f5637c1a000-7f5637c39000 rw-p 00000000 00:00 0 
7f5637c39000-7f5637dfe000 ---p 00000000 00:00 0 
7f5637dfe000-7f5638000000 rw-p 00000000 00:00 0 
7f5638000000-7f5638021000 rw-p 00000000 00:00 0 
7f5638021000-7f563c000000 ---p 00000000 00:00 0 
7f563c018000-7f563c01c000 r--p 00000000 08:02 55329740                   /home/ritik/.config/dconf/user (deleted)
7f563c01c000-7f563c025000 r--p 00000000 08:02 6165204                    /home/ritik/snap/bluej/17/.local/share/glib-2.0/schemas/gschemas.compiled
7f563c025000-7f563c227000 rw-p 00000000 00:00 0 
7f563c227000-7f563c228000 ---p 00000000 00:00 0 
7f563c228000-7f563c32e000 rw-p 00000000 00:00 0 
7f563c32e000-7f563c414000 ---p 00000000 00:00 0 
7f563c414000-7f563c41b000 rw-p 00000000 00:00 0 
7f563c41b000-7f563c4ff000 ---p 00000000 00:00 0 
7f563c4ff000-7f563c76f000 rwxp 00000000 00:00 0 
7f563c76f000-7f563ca8f000 ---p 00000000 00:00 0 
7f563ca8f000-7f563ce0f000 rwxp 00000000 00:00 0 
7f563ce0f000-7f5643fc7000 ---p 00000000 00:00 0 
7f5643fc7000-7f5644237000 rwxp 00000000 00:00 0 
7f5644237000-7f564b4ff000 ---p 00000000 00:00 0 
7f5653bf2000-7f5653bf7000 r-xp 00000000 07:01 585                        /snap/bluej/17/usr/lib/jvm/java-11-openjdk-amd64/lib/libjimage.so
7f5653bf7000-7f5653df6000 ---p 00005000 07:01 585                        /snap/bluej/17/usr/lib/jvm/java-11-openjdk-amd64/lib/libjimage.so
7f5653df6000-7f5653df7000 r--p 00004000 07:01 585                        /snap/bluej/17/usr/lib/jvm/java-11-openjdk-amd64/lib/libjimage.so
7f5653df7000-7f5653df8000 rw-p 00005000 07:01 585                        /snap/bluej/17/usr/lib/jvm/java-11-openjdk-amd64/lib/libjimage.so
7f5653df8000-7f5653dff000 r-xp 00000000 07:01 603                        /snap/bluej/17/usr/lib/jvm/java-11-openjdk-amd64/lib/libzip.so
7f5653dff000-7f5653ffe000 ---p 00007000 07:01 603                        /snap/bluej/17/usr/lib/jvm/java-11-openjdk-amd64/lib/libzip.so
7f5653ffe000-7f5653fff000 r--p 00006000 07:01 603                        /snap/bluej/17/usr/lib/jvm/java-11-openjdk-amd64/lib/libzip.so
7f5653fff000-7f5654000000 rw-p 00007000 07:01 603                        /snap/bluej/17/usr/lib/jvm/java-11-openjdk-amd64/lib/libzip.so
7f5654000000-7f56543bb000 rw-p 00000000 00:00 0 
7f56543bb000-7f5658000000 ---p 00000000 00:00 0 
7f5658000000-7f5658051000 r--p 00000000 07:04 539                        /snap/bluej/17/gnome-platform/usr/lib/locale/aa_DJ.utf8/LC_CTYPE
7f5658051000-7f565805c000 r-xp 00000000 07:0b 1455                       /lib/x86_64-linux-gnu/libnss_files-2.27.so
7f565805c000-7f565825b000 ---p 0000b000 07:0b 1455                       /lib/x86_64-linux-gnu/libnss_files-2.27.so
7f565825b000-7f565825c000 r--p 0000a000 07:0b 1455                       /lib/x86_64-linux-gnu/libnss_files-2.27.so
7f565825c000-7f565825d000 rw-p 0000b000 07:0b 1455                       /lib/x86_64-linux-gnu/libnss_files-2.27.so
7f565825d000-7f5658263000 rw-p 00000000 00:00 0 
7f5658263000-7f565827a000 r-xp 00000000 07:0b 1449                       /lib/x86_64-linux-gnu/libnsl-2.27.so
7f565827a000-7f5658479000 ---p 00017000 07:0b 1449                       /lib/x86_64-linux-gnu/libnsl-2.27.so
7f5658479000-7f565847a000 r--p 00016000 07:0b 1449                       /lib/x86_64-linux-gnu/libnsl-2.27.so
7f565847a000-7f565847b000 rw-p 00017000 07:0b 1449                       /lib/x86_64-linux-gnu/libnsl-2.27.so
7f565847b000-7f565847d000 rw-p 00000000 00:00 0 
7f565847d000-7f5658488000 r-xp 00000000 07:0b 1459                       /lib/x86_64-linux-gnu/libnss_nis-2.27.so
7f5658488000-7f5658687000 ---p 0000b000 07:0b 1459                       /lib/x86_64-linux-gnu/libnss_nis-2.27.so
7f5658687000-7f5658688000 r--p 0000a000 07:0b 1459                       /lib/x86_64-linux-gnu/libnss_nis-2.27.so
7f5658688000-7f5658689000 rw-p 0000b000 07:0b 1459                       /lib/x86_64-linux-gnu/libnss_nis-2.27.so
7f5658689000-7f5658691000 r-xp 00000000 07:0b 1451                       /lib/x86_64-linux-gnu/libnss_compat-2.27.so
7f5658691000-7f5658891000 ---p 00008000 07:0b 1451                       /lib/x86_64-linux-gnu/libnss_compat-2.27.so
7f5658891000-7f5658892000 r--p 00008000 07:0b 1451                       /lib/x86_64-linux-gnu/libnss_compat-2.27.so
7f5658892000-7f5658893000 rw-p 00009000 07:0b 1451                       /lib/x86_64-linux-gnu/libnss_compat-2.27.so
7f5658893000-7f56588cf000 r-xp 00000000 07:01 584                        /snap/bluej/17/usr/lib/jvm/java-11-openjdk-amd64/lib/libjdwp.so
7f56588cf000-7f5658ace000 ---p 0003c000 07:01 584                        /snap/bluej/17/usr/lib/jvm/java-11-openjdk-amd64/lib/libjdwp.so
7f5658ace000-7f5658acf000 r--p 0003b000 07:01 584                        /snap/bluej/17/usr/lib/jvm/java-11-openjdk-amd64/lib/libjdwp.so
7f5658acf000-7f5658ad0000 rw-p 0003c000 07:01 584                        /snap/bluej/17/usr/lib/jvm/java-11-openjdk-amd64/lib/libjdwp.so
7f5658ad0000-7f5658af9000 r-xp 00000000 07:01 581                        /snap/bluej/17/usr/lib/jvm/java-11-openjdk-amd64/lib/libjava.so
7f5658af9000-7f5658cf8000 ---p 00029000 07:01 581                        /snap/bluej/17/usr/lib/jvm/java-11-openjdk-amd64/lib/libjava.so
7f5658cf8000-7f5658cf9000 r--p 00028000 07:01 581                        /snap/bluej/17/usr/lib/jvm/java-11-openjdk-amd64/lib/libjava.so
7f5658cf9000-7f5658cfb000 rw-p 00029000 07:01 581                        /snap/bluej/17/usr/lib/jvm/java-11-openjdk-amd64/lib/libjava.so
7f5658cfb000-7f5658d08000 r-xp 00000000 07:01 602                        /snap/bluej/17/usr/lib/jvm/java-11-openjdk-amd64/lib/libverify.so
7f5658d08000-7f5658f07000 ---p 0000d000 07:01 602                        /snap/bluej/17/usr/lib/jvm/java-11-openjdk-amd64/lib/libverify.so
7f5658f07000-7f5658f09000 r--p 0000c000 07:01 602                        /snap/bluej/17/usr/lib/jvm/java-11-openjdk-amd64/lib/libverify.so
7f5658f09000-7f5658f0a000 rw-p 0000e000 07:01 602                        /snap/bluej/17/usr/lib/jvm/java-11-openjdk-amd64/lib/libverify.so
7f5658f0a000-7f5658f11000 r-xp 00000000 07:0b 1480                       /lib/x86_64-linux-gnu/librt-2.27.so
7f5658f11000-7f5659110000 ---p 00007000 07:0b 1480                       /lib/x86_64-linux-gnu/librt-2.27.so
7f5659110000-7f5659111000 r--p 00006000 07:0b 1480                       /lib/x86_64-linux-gnu/librt-2.27.so
7f5659111000-7f5659112000 rw-p 00007000 07:0b 1480                       /lib/x86_64-linux-gnu/librt-2.27.so
7f5659112000-7f5659129000 r-xp 00000000 07:0b 1411                       /lib/x86_64-linux-gnu/libgcc_s.so.1
7f5659129000-7f5659328000 ---p 00017000 07:0b 1411                       /lib/x86_64-linux-gnu/libgcc_s.so.1
7f5659328000-7f5659329000 r--p 00016000 07:0b 1411                       /lib/x86_64-linux-gnu/libgcc_s.so.1
7f5659329000-7f565932a000 rw-p 00017000 07:0b 1411                       /lib/x86_64-linux-gnu/libgcc_s.so.1
7f565932a000-7f56594c7000 r-xp 00000000 07:0b 1432                       /lib/x86_64-linux-gnu/libm-2.27.so
7f56594c7000-7f56596c6000 ---p 0019d000 07:0b 1432                       /lib/x86_64-linux-gnu/libm-2.27.so
7f56596c6000-7f56596c7000 r--p 0019c000 07:0b 1432                       /lib/x86_64-linux-gnu/libm-2.27.so
7f56596c7000-7f56596c8000 rw-p 0019d000 07:0b 1432                       /lib/x86_64-linux-gnu/libm-2.27.so
7f56596c8000-7f5659841000 r-xp 00000000 07:0b 5805                       /usr/lib/x86_64-linux-gnu/libstdc++.so.6.0.25
7f5659841000-7f5659a41000 ---p 00179000 07:0b 5805                       /usr/lib/x86_64-linux-gnu/libstdc++.so.6.0.25
7f5659a41000-7f5659a4b000 r--p 00179000 07:0b 5805                       /usr/lib/x86_64-linux-gnu/libstdc++.so.6.0.25
7f5659a4b000-7f5659a4d000 rw-p 00183000 07:0b 5805                       /usr/lib/x86_64-linux-gnu/libstdc++.so.6.0.25
7f5659a4d000-7f5659a51000 rw-p 00000000 00:00 0 
7f5659a51000-7f565ab2e000 r-xp 00000000 07:01 615                        /snap/bluej/17/usr/lib/jvm/java-11-openjdk-amd64/lib/server/libjvm.so
7f565ab2e000-7f565ad2d000 ---p 010dd000 07:01 615                        /snap/bluej/17/usr/lib/jvm/java-11-openjdk-amd64/lib/server/libjvm.so
7f565ad2d000-7f565adea000 r--p 010dc000 07:01 615                        /snap/bluej/17/usr/lib/jvm/java-11-openjdk-amd64/lib/server/libjvm.so
7f565adea000-7f565ae24000 rw-p 01199000 07:01 615                        /snap/bluej/17/usr/lib/jvm/java-11-openjdk-amd64/lib/server/libjvm.so
7f565ae24000-7f565ae7a000 rw-p 00000000 00:00 0 
7f565ae7a000-7f565ae94000 r-xp 00000000 07:0b 1474                       /lib/x86_64-linux-gnu/libpthread-2.27.so
7f565ae94000-7f565b093000 ---p 0001a000 07:0b 1474                       /lib/x86_64-linux-gnu/libpthread-2.27.so
7f565b093000-7f565b094000 r--p 00019000 07:0b 1474                       /lib/x86_64-linux-gnu/libpthread-2.27.so
7f565b094000-7f565b095000 rw-p 0001a000 07:0b 1474                       /lib/x86_64-linux-gnu/libpthread-2.27.so
7f565b095000-7f565b099000 rw-p 00000000 00:00 0 
7f565b099000-7f565b0b5000 r-xp 00000000 07:0b 1505                       /lib/x86_64-linux-gnu/libz.so.1.2.11
7f565b0b5000-7f565b2b4000 ---p 0001c000 07:0b 1505                       /lib/x86_64-linux-gnu/libz.so.1.2.11
7f565b2b4000-7f565b2b5000 r--p 0001b000 07:0b 1505                       /lib/x86_64-linux-gnu/libz.so.1.2.11
7f565b2b5000-7f565b2b6000 rw-p 0001c000 07:0b 1505                       /lib/x86_64-linux-gnu/libz.so.1.2.11
7f565b2b6000-7f565b2b9000 r-xp 00000000 07:0b 1399                       /lib/x86_64-linux-gnu/libdl-2.27.so
7f565b2b9000-7f565b4b8000 ---p 00003000 07:0b 1399                       /lib/x86_64-linux-gnu/libdl-2.27.so
7f565b4b8000-7f565b4b9000 r--p 00002000 07:0b 1399                       /lib/x86_64-linux-gnu/libdl-2.27.so
7f565b4b9000-7f565b4ba000 rw-p 00003000 07:0b 1399                       /lib/x86_64-linux-gnu/libdl-2.27.so
7f565b4ba000-7f565b6a1000 r-xp 00000000 07:0b 1382                       /lib/x86_64-linux-gnu/libc-2.27.so
7f565b6a1000-7f565b8a1000 ---p 001e7000 07:0b 1382                       /lib/x86_64-linux-gnu/libc-2.27.so
7f565b8a1000-7f565b8a5000 r--p 001e7000 07:0b 1382                       /lib/x86_64-linux-gnu/libc-2.27.so
7f565b8a5000-7f565b8a7000 rw-p 001eb000 07:0b 1382                       /lib/x86_64-linux-gnu/libc-2.27.so
7f565b8a7000-7f565b8ab000 rw-p 00000000 00:00 0 
7f565b8ab000-7f565b8bb000 r-xp 00000000 07:01 563                        /snap/bluej/17/usr/lib/jvm/java-11-openjdk-amd64/lib/jli/libjli.so
7f565b8bb000-7f565baba000 ---p 00010000 07:01 563                        /snap/bluej/17/usr/lib/jvm/java-11-openjdk-amd64/lib/jli/libjli.so
7f565baba000-7f565babb000 r--p 0000f000 07:01 563                        /snap/bluej/17/usr/lib/jvm/java-11-openjdk-amd64/lib/jli/libjli.so
7f565babb000-7f565babc000 rw-p 00010000 07:01 563                        /snap/bluej/17/usr/lib/jvm/java-11-openjdk-amd64/lib/jli/libjli.so
7f565babc000-7f565babd000 r-xp 00000000 07:01 173                        /snap/bluej/17/lib/bindtextdomain.so
7f565babd000-7f565bcbd000 ---p 00001000 07:01 173                        /snap/bluej/17/lib/bindtextdomain.so
7f565bcbd000-7f565bcbe000 r--p 00001000 07:01 173                        /snap/bluej/17/lib/bindtextdomain.so
7f565bcbe000-7f565bcbf000 rw-p 00002000 07:01 173                        /snap/bluej/17/lib/bindtextdomain.so
7f565bcbf000-7f565bce6000 r-xp 00000000 07:0b 1360                       /lib/x86_64-linux-gnu/ld-2.27.so
7f565bce8000-7f565bcf1000 r--p 00000000 08:02 6165204                    /home/ritik/snap/bluej/17/.local/share/glib-2.0/schemas/gschemas.compiled
7f565bcf1000-7f565bcfb000 r--p 00000000 07:04 11073                      /snap/bluej/17/gnome-platform/usr/share/glib-2.0/schemas/gschemas.compiled
7f565bcfb000-7f565bd2c000 rw-p 00000000 00:00 0 
7f565bd2c000-7f565bd33000 r--s 00000000 07:0b 5708                       /usr/lib/x86_64-linux-gnu/gconv/gconv-modules.cache
7f565bd33000-7f565bdc3000 rw-p 00000000 00:00 0 
7f565bdc3000-7f565bdca000 ---p 00000000 00:00 0 
7f565bdca000-7f565bdce000 ---p 00000000 00:00 0 
7f565bdce000-7f565becf000 rw-p 00000000 00:00 0 
7f565becf000-7f565bed0000 r--s 00000000 00:38 92                         /run/user/1000/dconf/user (deleted)
7f565bed0000-7f565bed1000 r--p 00000000 07:04 1218                       /snap/bluej/17/gnome-platform/usr/lib/locale/as_IN/LC_NUMERIC
7f565bed1000-7f565bed2000 r--p 00000000 07:04 2565                       /snap/bluej/17/gnome-platform/usr/lib/locale/en_IN/LC_TIME
7f565bed2000-7f565bed3000 r--p 00000000 07:04 698                        /snap/bluej/17/gnome-platform/usr/lib/locale/anp_IN/LC_MONETARY
7f565bed3000-7f565bed4000 r--p 00000000 07:04 2293                       /snap/bluej/17/gnome-platform/usr/lib/locale/en_AG/LC_MESSAGES/SYS_LC_MESSAGES
7f565bed4000-7f565bed5000 r--p 00000000 07:04 547                        /snap/bluej/17/gnome-platform/usr/lib/locale/aa_DJ.utf8/LC_PAPER
7f565bed5000-7f565bed6000 r--p 00000000 07:04 2491                       /snap/bluej/17/gnome-platform/usr/lib/locale/en_HK.utf8/LC_NAME
7f565bed6000-7f565bed7000 r--p 00000000 07:04 2553                       /snap/bluej/17/gnome-platform/usr/lib/locale/en_IN/LC_ADDRESS
7f565bed7000-7f565bed8000 r--p 00000000 07:04 702                        /snap/bluej/17/gnome-platform/usr/lib/locale/anp_IN/LC_TELEPHONE
7f565bed8000-7f565bed9000 r--p 00000000 07:04 541                        /snap/bluej/17/gnome-platform/usr/lib/locale/aa_DJ.utf8/LC_MEASUREMENT
7f565bed9000-7f565beda000 r--p 00000000 07:04 2556                       /snap/bluej/17/gnome-platform/usr/lib/locale/en_IN/LC_IDENTIFICATION
7f565beda000-7f565bee2000 rw-s 00000000 08:02 4461643                    /tmp/hsperfdata_ritik/50027
7f565bee2000-7f565bee3000 ---p 00000000 00:00 0 
7f565bee3000-7f565bee4000 r--p 00000000 00:00 0 
7f565bee4000-7f565bee6000 rw-p 00000000 00:00 0 
7f565bee6000-7f565bee7000 r--p 00027000 07:0b 1360                       /lib/x86_64-linux-gnu/ld-2.27.so
7f565bee7000-7f565bee8000 rw-p 00028000 07:0b 1360                       /lib/x86_64-linux-gnu/ld-2.27.so
7f565bee8000-7f565bee9000 rw-p 00000000 00:00 0 
7ffe7236c000-7ffe7238e000 rw-p 00000000 00:00 0                          [stack]
7ffe72391000-7ffe72394000 r--p 00000000 00:00 0                          [vvar]
7ffe72394000-7ffe72395000 r-xp 00000000 00:00 0                          [vdso]
ffffffffff600000-ffffffffff601000 --xp 00000000 00:00 0                  [vsyscall]


VM Arguments:
jvm_args: -ea -agentlib:jdwp=transport=dt_socket,address=127.0.0.1:39533 -Dfile.encoding=UTF-8 
java_command: bluej.runtime.ExecServer UTF-8
java_class_path (initial): /snap/bluej/17/usr/share/bluej/bluejcore.jar:/snap/bluej/17/usr/share/bluej/junit-4.11.jar:/snap/bluej/17/usr/share/bluej/hamcrest-core-1.3.jar:/snap/bluej/17/usr/share/bluej/lang-stride.jar:/snap/bluej/17/usr/share/java/javafx-base-11.jar:/snap/bluej/17/usr/share/java/javafx-controls-11.jar:/snap/bluej/17/usr/share/java/javafx-fxml-11.jar:/snap/bluej/17/usr/share/java/javafx-graphics-11.jar:/snap/bluej/17/usr/share/java/javafx-media-11.jar:/snap/bluej/17/usr/share/java/javafx-properties-11.jar:/snap/bluej/17/usr/share/java/javafx-swing-11.jar:/snap/bluej/17/usr/share/java/javafx-web-11.jar:/snap/bluej/17/usr/share/java/javafx-base-11.jar:/snap/bluej/17/usr/share/java/javafx-controls-11.jar:/snap/bluej/17/usr/share/java/javafx-fxml-11.jar:/snap/bluej/17/usr/share/java/javafx-graphics-11.jar:/snap/bluej/17/usr/share/java/javafx-media-11.jar:/snap/bluej/17/usr/share/java/javafx-properties-11.jar:/snap/bluej/17/usr/share/java/javafx-swing-11.jar:/snap/bluej/17/usr/share/java/javafx-web-11.jar:/snap/bluej/17/usr/share/bluej/userlib/pi4j-core.jar:/snap/bluej/17/usr/share/bluej/userlib/pi4j-device.jar:/snap/bluej/17/usr/share/bluej/userlib/pi4j-gpio-extension.jar:/snap/bluej/17/usr/share/bluej/userlib/pi4j-service.jar
Launcher Type: SUN_STANDARD

[Global flags]
     intx CICompilerCount                          = 3                                         {product} {ergonomic}
     uint ConcGCThreads                            = 1                                         {product} {ergonomic}
     uint G1ConcRefinementThreads                  = 4                                         {product} {ergonomic}
   size_t G1HeapRegionSize                         = 1048576                                   {product} {ergonomic}
    uintx GCDrainStackTargetSize                   = 64                                        {product} {ergonomic}
   size_t InitialHeapSize                          = 65011712                                  {product} {ergonomic}
   size_t MarkStackSize                            = 4194304                                   {product} {ergonomic}
   size_t MaxHeapSize                              = 1015021568                                {product} {ergonomic}
   size_t MaxNewSize                               = 608174080                                 {product} {ergonomic}
   size_t MinHeapDeltaBytes                        = 1048576                                   {product} {ergonomic}
    uintx NonNMethodCodeHeapSize                   = 5830732                                {pd product} {ergonomic}
    uintx NonProfiledCodeHeapSize                  = 122913754                              {pd product} {ergonomic}
    uintx ProfiledCodeHeapSize                     = 122913754                              {pd product} {ergonomic}
    uintx ReservedCodeCacheSize                    = 251658240                              {pd product} {ergonomic}
     bool SegmentedCodeCache                       = true                                      {product} {ergonomic}
     bool UseCompressedClassPointers               = true                                 {lp64_product} {ergonomic}
     bool UseCompressedOops                        = true                                 {lp64_product} {ergonomic}
     bool UseG1GC                                  = true                                      {product} {ergonomic}

Logging:
Log output configuration:
 #0: stdout all=warning uptime,level,tags
 #1: stderr all=off uptime,level,tags

Environment Variables:
JAVA_HOME=/snap/bluej/17/usr/lib/jvm/java-11-openjdk-amd64
PATH=/snap/bluej/17/usr/sbin:/snap/bluej/17/usr/bin:/snap/bluej/17/sbin:/snap/bluej/17/bin:/snap/bluej/17/usr/lib/jvm/java-11-openjdk-amd64/jre/bin:/usr/local/sbin:/usr/local/bin:/usr/sbin:/usr/bin:/sbin:/bin:/usr/games:/usr/local/games:/snap/bluej/17/gnome-platform/usr/bin
USERNAME=ritik
LD_LIBRARY_PATH=/snap/bluej/17/usr/lib/jvm/java-11-openjdk-amd64/lib/server:/snap/bluej/17/usr/lib/jvm/java-11-openjdk-amd64/lib:/snap/bluej/17/usr/lib/jvm/java-11-openjdk-amd64/../lib:/var/lib/snapd/lib/gl:/var/lib/snapd/lib/gl32:/var/lib/snapd/void:/snap/bluej/17/lib/x86_64-linux-gnu:/snap/bluej/17/usr/lib/jvm/java-11-openjdk-amd64/lib:/snap/bluej/17/usr/lib/jvm/java-11-openjdk-amd64/lib/jli:/snap/bluej/17/usr/lib/jvm/java-11-openjdk-amd64/lib/server:/snap/bluej/17/usr/lib/x86_64-linux-gnu:/snap/bluej/17/usr/lib/x86_64-linux-gnu/jni::/snap/bluej/17/lib:/snap/bluej/17/usr/lib:/snap/bluej/17/lib/x86_64-linux-gnu:/snap/bluej/17/usr/lib/x86_64-linux-gnu:/snap/bluej/17/gnome-platform/lib/x86_64-linux-gnu:/snap/bluej/17/gnome-platform/usr/lib/x86_64-linux-gnu:/snap/bluej/17/gnome-platform/usr/lib:/snap/bluej/17/gnome-platform/lib:/snap/bluej/17/gnome-platform/usr/lib/x86_64-linux-gnu/dri:/var/lib/snapd/lib/gl:/snap/bluej/17/gnome-platform/usr/lib/x86_64-linux-gnu/pulseaudio
LD_PRELOAD=:/snap/bluej/17/lib/bindtextdomain.so
SHELL=/bin/bash
DISPLAY=:0

Signal Handlers:
SIGSEGV: [libjvm.so+0xdf8d00], sa_mask[0]=11111111011111111101111111111110, sa_flags=SA_RESTART|SA_SIGINFO
SIGBUS: [libjvm.so+0xdf8d00], sa_mask[0]=11111111011111111101111111111110, sa_flags=SA_RESTART|SA_SIGINFO
SIGFPE: [libjvm.so+0xdf8d00], sa_mask[0]=11111111011111111101111111111110, sa_flags=SA_RESTART|SA_SIGINFO
SIGPIPE: SIG_IGN, sa_mask[0]=00000000000010000000000000000000, sa_flags=SA_RESTART
SIGXFSZ: [libjvm.so+0xbcbc30], sa_mask[0]=11111111011111111101111111111110, sa_flags=SA_RESTART|SA_SIGINFO
SIGILL: [libjvm.so+0xdf8d00], sa_mask[0]=11111111011111111101111111111110, sa_flags=SA_RESTART|SA_SIGINFO
SIGUSR2: [libjvm.so+0xbcbad0], sa_mask[0]=00100000000000000000000000000000, sa_flags=SA_RESTART|SA_SIGINFO
SIGHUP: [libjvm.so+0xbcbe30], sa_mask[0]=11111111011111111101111111111110, sa_flags=SA_RESTART|SA_SIGINFO
SIGINT: [libjvm.so+0xbcbe30], sa_mask[0]=11111111011111111101111111111110, sa_flags=SA_RESTART|SA_SIGINFO
SIGTERM: [libjvm.so+0xbcbe30], sa_mask[0]=11111111011111111101111111111110, sa_flags=SA_RESTART|SA_SIGINFO
SIGQUIT: [libjvm.so+0xbcbe30], sa_mask[0]=11111111011111111101111111111110, sa_flags=SA_RESTART|SA_SIGINFO


---------------  S Y S T E M  ---------------

OS:DISTRIB_ID=Ubuntu
DISTRIB_RELEASE=20.04
DISTRIB_CODENAME=focal
DISTRIB_DESCRIPTION="Ubuntu 20.04 LTS"
uname:Linux 5.4.0-29-generic #33-Ubuntu SMP Wed Apr 29 14:32:27 UTC 2020 x86_64
OS uptime: 1 days 15:59 hours
libc:glibc 2.27 NPTL 2.27 
rlimit: STACK 8192k, CORE 0k, NPROC 15248, NOFILE 1048576, AS infinity, CPU infinity, DATA infinity, FSIZE infinity
load average:1.35 0.34 0.22

/proc/meminfo:
MemTotal:        3959860 kB
MemFree:         2567024 kB
MemAvailable:    3105284 kB
Buffers:           92380 kB
Cached:           626156 kB
SwapCached:        18340 kB
Active:           701240 kB
Inactive:         420836 kB
Active(anon):     342092 kB
Inactive(anon):    74616 kB
Active(file):     359148 kB
Inactive(file):   346220 kB
Unevictable:        1464 kB
Mlocked:              16 kB
SwapTotal:       2097148 kB
SwapFree:        1953924 kB
Dirty:              1736 kB
Writeback:             0 kB
AnonPages:        399772 kB
Mapped:           130308 kB
Shmem:             14532 kB
KReclaimable:      79444 kB
Slab:             189672 kB
SReclaimable:      79444 kB
SUnreclaim:       110228 kB
KernelStack:        7536 kB
PageTables:        10648 kB
NFS_Unstable:          0 kB
Bounce:                0 kB
WritebackTmp:          0 kB
CommitLimit:     4077076 kB
Committed_AS:    3428960 kB
VmallocTotal:   34359738367 kB
VmallocUsed:       23368 kB
VmallocChunk:          0 kB
Percpu:             5856 kB
HardwareCorrupted:     0 kB
AnonHugePages:         0 kB
ShmemHugePages:        0 kB
ShmemPmdMapped:        0 kB
FileHugePages:         0 kB
FilePmdMapped:         0 kB
CmaTotal:              0 kB
CmaFree:               0 kB
HugePages_Total:       0
HugePages_Free:        0
HugePages_Rsvd:        0
HugePages_Surp:        0
Hugepagesize:       2048 kB
Hugetlb:               0 kB
DirectMap4k:      409920 kB
DirectMap2M:     3715072 kB
DirectMap1G:     1048576 kB


/proc/sys/kernel/threads-max (system-wide limit on the number of threads):


/proc/sys/vm/max_map_count (maximum number of memory map areas a process may have):


/proc/sys/kernel/pid_max (system-wide limit on number of process identifiers):
4194304



Steal ticks since vm start: 0
Steal ticks percentage since vm start:  0.000

CPU:total 4 (initial active 4) (2 cores per cpu, 2 threads per core) family 6 model 69 stepping 1, cmov, cx8, fxsr, mmx, sse, sse2, sse3, ssse3, sse4.1, sse4.2, popcnt, avx, avx2, aes, clmul, erms, lzcnt, ht, tsc, tscinvbit, bmi1, bmi2, fma
CPU Model and flags from /proc/cpuinfo:
model name	: Intel(R) Core(TM) i5-4210U CPU @ 1.70GHz
flags		: fpu vme de pse tsc msr pae mce cx8 apic sep mtrr pge mca cmov pat pse36 clflush dts acpi mmx fxsr sse sse2 ss ht tm pbe syscall nx pdpe1gb rdtscp lm constant_tsc arch_perfmon pebs bts rep_good nopl xtopology nonstop_tsc cpuid aperfmperf pni pclmulqdq dtes64 monitor ds_cpl vmx est tm2 ssse3 sdbg fma cx16 xtpr pdcm pcid sse4_1 sse4_2 movbe popcnt tsc_deadline_timer aes xsave avx f16c rdrand lahf_lm abm cpuid_fault epb invpcid_single pti ssbd ibrs ibpb stibp tpr_shadow vnmi flexpriority ept vpid ept_ad fsgsbase tsc_adjust bmi1 avx2 smep bmi2 erms invpcid xsaveopt dtherm ida arat pln pts md_clear flush_l1d

Memory: 4k page, physical 3959860k(2567024k free), swap 2097148k(1953924k free)

vm_info: OpenJDK 64-Bit Server VM (11.0.7+10-post-Ubuntu-2ubuntu218.04) for linux-amd64 JRE (11.0.7+10-post-Ubuntu-2ubuntu218.04), built on Apr 15 2020 21:12:54 by "unknown" with gcc 7.5.0

END.
